mode: set
/home/marcelo/Workspace/go/projects/actajus/internal/infrastructure/adapter/messaging/nats/errors.go:11.36,12.18 1 0
/home/marcelo/Workspace/go/projects/actajus/internal/infrastructure/adapter/messaging/nats/errors.go:12.18,14.3 1 0
/home/marcelo/Workspace/go/projects/actajus/internal/infrastructure/adapter/messaging/nats/errors.go:15.2,15.48 1 0
/home/marcelo/Workspace/go/projects/actajus/internal/infrastructure/adapter/messaging/nats/errors.go:18.36,20.2 1 0
/home/marcelo/Workspace/go/projects/actajus/internal/infrastructure/adapter/messaging/nats/errors.go:22.43,28.2 1 0
/home/marcelo/Workspace/go/projects/actajus/internal/infrastructure/adapter/messaging/nats/errors.go:30.40,36.2 1 0
/home/marcelo/Workspace/go/projects/actajus/internal/infrastructure/adapter/messaging/nats/errors.go:38.42,44.2 1 0
/home/marcelo/Workspace/go/projects/actajus/internal/infrastructure/adapter/messaging/nats/errors.go:46.47,52.2 1 0
/home/marcelo/Workspace/go/projects/actajus/internal/infrastructure/adapter/messaging/nats/errors.go:54.49,60.2 1 0
/home/marcelo/Workspace/go/projects/actajus/internal/infrastructure/adapter/messaging/nats/errors.go:62.41,67.2 1 0
/home/marcelo/Workspace/go/projects/actajus/internal/infrastructure/adapter/messaging/nats/errors.go:69.46,75.2 1 0
/home/marcelo/Workspace/go/projects/actajus/internal/infrastructure/adapter/messaging/nats/errors.go:77.48,83.2 1 0
/home/marcelo/Workspace/go/projects/actajus/internal/infrastructure/adapter/messaging/nats/publisher.go:23.92,30.60 1 0
/home/marcelo/Workspace/go/projects/actajus/internal/infrastructure/adapter/messaging/nats/publisher.go:30.60,31.18 1 0
/home/marcelo/Workspace/go/projects/actajus/internal/infrastructure/adapter/messaging/nats/publisher.go:31.18,33.5 1 0
/home/marcelo/Workspace/go/projects/actajus/internal/infrastructure/adapter/messaging/nats/publisher.go:35.45,37.4 1 0
/home/marcelo/Workspace/go/projects/actajus/internal/infrastructure/adapter/messaging/nats/publisher.go:39.2,39.16 1 0
/home/marcelo/Workspace/go/projects/actajus/internal/infrastructure/adapter/messaging/nats/publisher.go:39.16,41.3 1 0
/home/marcelo/Workspace/go/projects/actajus/internal/infrastructure/adapter/messaging/nats/publisher.go:42.2,43.16 2 0
/home/marcelo/Workspace/go/projects/actajus/internal/infrastructure/adapter/messaging/nats/publisher.go:43.16,46.3 2 0
/home/marcelo/Workspace/go/projects/actajus/internal/infrastructure/adapter/messaging/nats/publisher.go:47.2,53.49 2 0
/home/marcelo/Workspace/go/projects/actajus/internal/infrastructure/adapter/messaging/nats/publisher.go:53.49,56.3 2 0
/home/marcelo/Workspace/go/projects/actajus/internal/infrastructure/adapter/messaging/nats/publisher.go:57.2,57.23 1 0
/home/marcelo/Workspace/go/projects/actajus/internal/infrastructure/adapter/messaging/nats/publisher.go:60.42,70.16 3 0
/home/marcelo/Workspace/go/projects/actajus/internal/infrastructure/adapter/messaging/nats/publisher.go:70.16,72.17 2 0
/home/marcelo/Workspace/go/projects/actajus/internal/infrastructure/adapter/messaging/nats/publisher.go:72.17,74.4 1 0
/home/marcelo/Workspace/go/projects/actajus/internal/infrastructure/adapter/messaging/nats/publisher.go:76.2,76.12 1 0
/home/marcelo/Workspace/go/projects/actajus/internal/infrastructure/adapter/messaging/nats/publisher.go:79.74,81.16 2 0
/home/marcelo/Workspace/go/projects/actajus/internal/infrastructure/adapter/messaging/nats/publisher.go:81.16,83.3 1 0
/home/marcelo/Workspace/go/projects/actajus/internal/infrastructure/adapter/messaging/nats/publisher.go:84.2,87.16 4 0
/home/marcelo/Workspace/go/projects/actajus/internal/infrastructure/adapter/messaging/nats/publisher.go:87.16,89.3 1 0
/home/marcelo/Workspace/go/projects/actajus/internal/infrastructure/adapter/messaging/nats/publisher.go:90.2,90.12 1 0
/home/marcelo/Workspace/go/projects/actajus/internal/infrastructure/adapter/messaging/nats/publisher.go:93.84,95.29 2 0
/home/marcelo/Workspace/go/projects/actajus/internal/infrastructure/adapter/messaging/nats/publisher.go:95.29,96.45 1 0
/home/marcelo/Workspace/go/projects/actajus/internal/infrastructure/adapter/messaging/nats/publisher.go:96.45,98.4 1 0
/home/marcelo/Workspace/go/projects/actajus/internal/infrastructure/adapter/messaging/nats/publisher.go:100.2,100.21 1 0
/home/marcelo/Workspace/go/projects/actajus/internal/infrastructure/adapter/messaging/nats/publisher.go:100.21,102.3 1 0
/home/marcelo/Workspace/go/projects/actajus/internal/infrastructure/adapter/messaging/nats/publisher.go:103.2,103.12 1 0
/home/marcelo/Workspace/go/projects/actajus/internal/infrastructure/adapter/messaging/nats/publisher.go:106.35,107.19 1 0
/home/marcelo/Workspace/go/projects/actajus/internal/infrastructure/adapter/messaging/nats/publisher.go:107.19,110.3 2 0
/home/marcelo/Workspace/go/projects/actajus/internal/infrastructure/adapter/messaging/nats/publisher.go:111.2,111.12 1 0
