mode: set
/home/marcelo/Workspace/go/projects/actajus/internal/infrastructure/adapter/logger.go:32.49,34.22 2 1
/home/marcelo/Workspace/go/projects/actajus/internal/infrastructure/adapter/logger.go:35.18,36.26 1 1
/home/marcelo/Workspace/go/projects/actajus/internal/infrastructure/adapter/logger.go:37.17,38.25 1 1
/home/marcelo/Workspace/go/projects/actajus/internal/infrastructure/adapter/logger.go:39.17,40.25 1 1
/home/marcelo/Workspace/go/projects/actajus/internal/infrastructure/adapter/logger.go:41.18,42.26 1 1
/home/marcelo/Workspace/go/projects/actajus/internal/infrastructure/adapter/logger.go:43.10,44.25 1 1
/home/marcelo/Workspace/go/projects/actajus/internal/infrastructure/adapter/logger.go:47.2,55.23 4 1
/home/marcelo/Workspace/go/projects/actajus/internal/infrastructure/adapter/logger.go:56.16,57.21 1 1
/home/marcelo/Workspace/go/projects/actajus/internal/infrastructure/adapter/logger.go:58.10,59.21 1 1
/home/marcelo/Workspace/go/projects/actajus/internal/infrastructure/adapter/logger.go:62.2,62.23 1 1
/home/marcelo/Workspace/go/projects/actajus/internal/infrastructure/adapter/logger.go:63.14,64.46 1 1
/home/marcelo/Workspace/go/projects/actajus/internal/infrastructure/adapter/logger.go:65.10,66.46 1 1
/home/marcelo/Workspace/go/projects/actajus/internal/infrastructure/adapter/logger.go:69.2,71.3 1 1
/home/marcelo/Workspace/go/projects/actajus/internal/infrastructure/adapter/logger.go:74.43,81.2 1 1
/home/marcelo/Workspace/go/projects/actajus/internal/infrastructure/adapter/logger.go:83.75,85.2 1 1
/home/marcelo/Workspace/go/projects/actajus/internal/infrastructure/adapter/logger.go:87.74,89.2 1 1
/home/marcelo/Workspace/go/projects/actajus/internal/infrastructure/adapter/logger.go:91.74,93.2 1 0
/home/marcelo/Workspace/go/projects/actajus/internal/infrastructure/adapter/logger.go:95.75,97.2 1 0
/home/marcelo/Workspace/go/projects/actajus/internal/infrastructure/adapter/logger.go:99.59,103.2 1 0
/home/marcelo/Workspace/go/projects/actajus/internal/infrastructure/adapter/logger.go:105.62,109.2 1 0
