mode: set
github.com/paladignus/actajus/internal/domain/entity/password_reset_token.go:17.73,25.2 2 1
github.com/paladignus/actajus/internal/domain/entity/password_reset_token.go:27.46,29.2 1 1
github.com/paladignus/actajus/internal/domain/entity/password_reset_token.go:31.43,33.2 1 1
github.com/paladignus/actajus/internal/domain/entity/password_reset_token.go:35.44,37.2 1 1
github.com/paladignus/actajus/internal/domain/entity/person.go:26.56,35.28 2 1
github.com/paladignus/actajus/internal/domain/entity/person.go:35.28,37.3 1 1
github.com/paladignus/actajus/internal/domain/entity/person.go:38.2,38.27 1 1
github.com/paladignus/actajus/internal/domain/entity/person.go:38.27,40.3 1 1
github.com/paladignus/actajus/internal/domain/entity/person.go:41.2,41.28 1 1
github.com/paladignus/actajus/internal/domain/entity/person.go:41.28,43.3 1 1
github.com/paladignus/actajus/internal/domain/entity/person.go:44.2,44.25 1 1
github.com/paladignus/actajus/internal/domain/entity/person.go:44.25,46.3 1 1
github.com/paladignus/actajus/internal/domain/entity/person.go:47.2,47.25 1 1
github.com/paladignus/actajus/internal/domain/entity/person.go:47.25,49.3 1 1
github.com/paladignus/actajus/internal/domain/entity/person.go:50.2,50.25 1 1
github.com/paladignus/actajus/internal/domain/entity/person.go:50.25,52.3 1 1
github.com/paladignus/actajus/internal/domain/entity/person.go:53.2,53.15 1 1
github.com/paladignus/actajus/internal/domain/entity/user.go:22.48,28.27 2 1
github.com/paladignus/actajus/internal/domain/entity/user.go:28.27,30.3 1 1
github.com/paladignus/actajus/internal/domain/entity/user.go:31.2,31.25 1 1
github.com/paladignus/actajus/internal/domain/entity/user.go:31.25,33.3 1 1
github.com/paladignus/actajus/internal/domain/entity/user.go:34.2,35.56 2 1
github.com/paladignus/actajus/internal/domain/entity/user.go:35.56,37.3 1 1
github.com/paladignus/actajus/internal/domain/entity/user.go:38.2,38.15 1 1
github.com/paladignus/actajus/internal/domain/entity/user.go:41.32,43.2 1 1
