mode: set
github.com/paladignus/actajus/internal/domain/event/event.go:21.35,23.2 1 1
github.com/paladignus/actajus/internal/domain/event/event.go:25.39,27.2 1 1
github.com/paladignus/actajus/internal/domain/event/event.go:29.38,31.2 1 1
github.com/paladignus/actajus/internal/domain/event/event.go:33.37,35.2 1 1
github.com/paladignus/actajus/internal/domain/event/event.go:37.56,44.2 1 1
github.com/paladignus/actajus/internal/domain/event/recovered_password.go:14.31,24.2 1 1
github.com/paladignus/actajus/internal/domain/event/registry.go:18.30,22.2 1 1
github.com/paladignus/actajus/internal/domain/event/registry.go:24.69,28.49 3 1
github.com/paladignus/actajus/internal/domain/event/registry.go:28.49,30.3 1 1
github.com/paladignus/actajus/internal/domain/event/registry.go:32.2,32.34 1 1
github.com/paladignus/actajus/internal/domain/event/registry.go:35.59,41.55 4 1
github.com/paladignus/actajus/internal/domain/event/registry.go:41.55,43.3 1 1
github.com/paladignus/actajus/internal/domain/event/registry.go:44.2,44.24 1 1
github.com/paladignus/actajus/internal/domain/event/registry.go:44.24,46.3 1 1
github.com/paladignus/actajus/internal/domain/event/registry.go:47.2,48.13 2 1
github.com/paladignus/actajus/internal/domain/event/registry.go:48.13,50.3 1 1
github.com/paladignus/actajus/internal/domain/event/registry.go:51.2,52.50 2 1
github.com/paladignus/actajus/internal/domain/event/registry.go:52.50,54.3 1 1
github.com/paladignus/actajus/internal/domain/event/registry.go:55.2,55.17 1 1
github.com/paladignus/actajus/internal/domain/event/registry.go:58.56,63.2 4 1
github.com/paladignus/actajus/internal/domain/event/registry.go:65.48,69.32 4 1
github.com/paladignus/actajus/internal/domain/event/registry.go:69.32,71.3 1 1
github.com/paladignus/actajus/internal/domain/event/registry.go:72.2,72.15 1 1
github.com/paladignus/actajus/internal/domain/event/registry.go:75.28,79.2 3 1
github.com/paladignus/actajus/internal/domain/event/registry.go:81.38,82.67 1 1
github.com/paladignus/actajus/internal/domain/event/registry.go:82.67,84.3 1 1
github.com/paladignus/actajus/internal/domain/value_object/cpf.go:12.29,14.2 1 1
github.com/paladignus/actajus/internal/domain/value_object/cpf.go:16.34,18.2 1 1
github.com/paladignus/actajus/internal/domain/value_object/cpf.go:20.29,22.32 2 1
github.com/paladignus/actajus/internal/domain/value_object/cpf.go:22.32,24.3 1 1
github.com/paladignus/actajus/internal/domain/value_object/cpf.go:25.2,26.25 2 1
github.com/paladignus/actajus/internal/domain/value_object/cpf.go:26.25,28.3 1 1
github.com/paladignus/actajus/internal/domain/value_object/cpf.go:29.2,31.61 3 1
github.com/paladignus/actajus/internal/domain/value_object/cpf.go:31.61,33.3 1 1
github.com/paladignus/actajus/internal/domain/value_object/cpf.go:34.2,34.13 1 1
github.com/paladignus/actajus/internal/domain/value_object/cpf.go:37.31,39.27 2 1
github.com/paladignus/actajus/internal/domain/value_object/cpf.go:39.27,40.28 1 1
github.com/paladignus/actajus/internal/domain/value_object/cpf.go:40.28,42.4 1 1
github.com/paladignus/actajus/internal/domain/value_object/cpf.go:44.2,44.25 1 1
github.com/paladignus/actajus/internal/domain/value_object/cpf.go:47.38,48.32 1 1
github.com/paladignus/actajus/internal/domain/value_object/cpf.go:48.32,49.23 1 1
github.com/paladignus/actajus/internal/domain/value_object/cpf.go:49.23,51.4 1 1
github.com/paladignus/actajus/internal/domain/value_object/cpf.go:53.2,53.13 1 1
github.com/paladignus/actajus/internal/domain/value_object/cpf.go:56.49,58.27 2 1
github.com/paladignus/actajus/internal/domain/value_object/cpf.go:58.27,62.3 3 1
github.com/paladignus/actajus/internal/domain/value_object/cpf.go:63.2,64.19 2 1
github.com/paladignus/actajus/internal/domain/value_object/cpf.go:64.19,66.3 1 1
github.com/paladignus/actajus/internal/domain/value_object/cpf.go:67.2,67.23 1 1
github.com/paladignus/actajus/internal/domain/value_object/date.go:8.30,10.2 1 1
github.com/paladignus/actajus/internal/domain/value_object/date.go:12.30,15.2 2 1
github.com/paladignus/actajus/internal/domain/value_object/email.go:8.31,10.2 1 1
github.com/paladignus/actajus/internal/domain/value_object/email.go:12.31,14.2 1 1
github.com/paladignus/actajus/internal/domain/value_object/email.go:16.41,18.2 1 1
github.com/paladignus/actajus/internal/domain/value_object/email.go:20.31,24.2 3 1
github.com/paladignus/actajus/internal/domain/value_object/file.go:8.30,10.2 1 1
github.com/paladignus/actajus/internal/domain/value_object/file.go:12.30,15.2 2 1
github.com/paladignus/actajus/internal/domain/value_object/password.go:8.34,10.2 1 1
github.com/paladignus/actajus/internal/domain/value_object/password.go:12.34,14.2 1 1
github.com/paladignus/actajus/internal/domain/value_object/password.go:16.34,27.2 5 1
github.com/paladignus/actajus/internal/domain/value_object/text.go:8.30,10.2 1 1
github.com/paladignus/actajus/internal/domain/value_object/text.go:12.30,15.2 2 1
github.com/paladignus/actajus/internal/domain/entity/password_reset_token.go:17.73,25.2 2 1
github.com/paladignus/actajus/internal/domain/entity/password_reset_token.go:27.46,29.2 1 1
github.com/paladignus/actajus/internal/domain/entity/password_reset_token.go:31.43,33.2 1 1
github.com/paladignus/actajus/internal/domain/entity/password_reset_token.go:35.44,37.2 1 1
github.com/paladignus/actajus/internal/domain/entity/person.go:26.56,35.28 2 1
github.com/paladignus/actajus/internal/domain/entity/person.go:35.28,37.3 1 1
github.com/paladignus/actajus/internal/domain/entity/person.go:38.2,38.27 1 1
github.com/paladignus/actajus/internal/domain/entity/person.go:38.27,40.3 1 1
github.com/paladignus/actajus/internal/domain/entity/person.go:41.2,41.28 1 1
github.com/paladignus/actajus/internal/domain/entity/person.go:41.28,43.3 1 1
github.com/paladignus/actajus/internal/domain/entity/person.go:44.2,44.25 1 1
github.com/paladignus/actajus/internal/domain/entity/person.go:44.25,46.3 1 1
github.com/paladignus/actajus/internal/domain/entity/person.go:47.2,47.25 1 1
github.com/paladignus/actajus/internal/domain/entity/person.go:47.25,49.3 1 1
github.com/paladignus/actajus/internal/domain/entity/person.go:50.2,50.25 1 1
github.com/paladignus/actajus/internal/domain/entity/person.go:50.25,52.3 1 1
github.com/paladignus/actajus/internal/domain/entity/person.go:53.2,53.15 1 1
github.com/paladignus/actajus/internal/domain/entity/user.go:22.48,28.27 2 1
github.com/paladignus/actajus/internal/domain/entity/user.go:28.27,30.3 1 1
github.com/paladignus/actajus/internal/domain/entity/user.go:31.2,31.25 1 1
github.com/paladignus/actajus/internal/domain/entity/user.go:31.25,33.3 1 1
github.com/paladignus/actajus/internal/domain/entity/user.go:34.2,35.56 2 1
github.com/paladignus/actajus/internal/domain/entity/user.go:35.56,37.3 1 1
github.com/paladignus/actajus/internal/domain/entity/user.go:38.2,38.15 1 1
github.com/paladignus/actajus/internal/domain/entity/user.go:41.32,43.2 1 1
github.com/paladignus/actajus/internal/infrastructure/config/config.go:77.20,134.2 1 1
github.com/paladignus/actajus/internal/infrastructure/config/config.go:136.46,137.42 1 1
github.com/paladignus/actajus/internal/infrastructure/config/config.go:137.42,139.3 1 1
github.com/paladignus/actajus/internal/infrastructure/config/config.go:140.2,140.21 1 1
github.com/paladignus/actajus/internal/infrastructure/config/config.go:143.52,144.42 1 1
github.com/paladignus/actajus/internal/infrastructure/config/config.go:144.42,145.55 1 1
github.com/paladignus/actajus/internal/infrastructure/config/config.go:145.55,147.4 1 1
github.com/paladignus/actajus/internal/infrastructure/config/config.go:149.2,149.21 1 1
github.com/paladignus/actajus/internal/infrastructure/config/config.go:152.55,153.42 1 1
github.com/paladignus/actajus/internal/infrastructure/config/config.go:153.42,154.61 1 1
github.com/paladignus/actajus/internal/infrastructure/config/config.go:154.61,156.4 1 1
github.com/paladignus/actajus/internal/infrastructure/config/config.go:158.2,158.21 1 1
github.com/paladignus/actajus/internal/infrastructure/http/handler/errors.go:16.59,17.9 1 1
github.com/paladignus/actajus/internal/infrastructure/http/handler/errors.go:18.49,22.4 1 1
github.com/paladignus/actajus/internal/infrastructure/http/handler/errors.go:23.55,27.4 1 1
github.com/paladignus/actajus/internal/infrastructure/http/handler/errors.go:28.54,32.4 1 1
github.com/paladignus/actajus/internal/infrastructure/http/handler/errors.go:33.49,37.4 1 1
github.com/paladignus/actajus/internal/infrastructure/http/handler/errors.go:38.47,42.4 1 1
github.com/paladignus/actajus/internal/infrastructure/http/handler/errors.go:43.49,47.4 1 1
github.com/paladignus/actajus/internal/infrastructure/http/handler/errors.go:48.50,52.4 1 1
github.com/paladignus/actajus/internal/infrastructure/http/handler/errors.go:53.55,57.4 1 1
github.com/paladignus/actajus/internal/infrastructure/http/handler/errors.go:58.52,62.4 1 1
github.com/paladignus/actajus/internal/infrastructure/http/handler/errors.go:63.49,67.4 1 1
github.com/paladignus/actajus/internal/infrastructure/http/handler/errors.go:68.10,72.4 1 1
github.com/paladignus/actajus/internal/infrastructure/http/handler/get_email_by_cpf.go:17.94,19.2 1 1
github.com/paladignus/actajus/internal/infrastructure/http/handler/get_email_by_cpf.go:21.78,23.16 2 1
github.com/paladignus/actajus/internal/infrastructure/http/handler/get_email_by_cpf.go:23.16,27.3 3 1
github.com/paladignus/actajus/internal/infrastructure/http/handler/get_email_by_cpf.go:28.2,29.16 2 1
github.com/paladignus/actajus/internal/infrastructure/http/handler/get_email_by_cpf.go:29.16,31.24 2 1
github.com/paladignus/actajus/internal/infrastructure/http/handler/get_email_by_cpf.go:31.24,33.4 1 1
github.com/paladignus/actajus/internal/infrastructure/http/handler/get_email_by_cpf.go:33.9,35.4 1 1
github.com/paladignus/actajus/internal/infrastructure/http/handler/get_email_by_cpf.go:36.3,37.9 2 1
github.com/paladignus/actajus/internal/infrastructure/http/handler/get_email_by_cpf.go:39.2,40.37 2 1
github.com/paladignus/actajus/internal/infrastructure/http/handler/renew_password.go:20.17,25.2 1 1
github.com/paladignus/actajus/internal/infrastructure/http/handler/renew_password.go:27.79,29.16 2 1
github.com/paladignus/actajus/internal/infrastructure/http/handler/renew_password.go:29.16,33.3 3 1
github.com/paladignus/actajus/internal/infrastructure/http/handler/renew_password.go:34.2,35.16 2 1
github.com/paladignus/actajus/internal/infrastructure/http/handler/renew_password.go:35.16,37.24 2 1
github.com/paladignus/actajus/internal/infrastructure/http/handler/renew_password.go:37.24,39.4 1 1
github.com/paladignus/actajus/internal/infrastructure/http/handler/renew_password.go:39.9,41.4 1 1
github.com/paladignus/actajus/internal/infrastructure/http/handler/renew_password.go:42.3,43.9 2 1
github.com/paladignus/actajus/internal/infrastructure/http/handler/renew_password.go:45.2,45.74 1 1
github.com/paladignus/actajus/internal/infrastructure/http/handler/request_password_reset.go:21.24,26.2 1 1
github.com/paladignus/actajus/internal/infrastructure/http/handler/request_password_reset.go:28.93,32.16 4 1
github.com/paladignus/actajus/internal/infrastructure/http/handler/request_password_reset.go:32.16,36.3 3 1
github.com/paladignus/actajus/internal/infrastructure/http/handler/request_password_reset.go:37.2,38.16 2 1
github.com/paladignus/actajus/internal/infrastructure/http/handler/request_password_reset.go:38.16,40.24 2 1
github.com/paladignus/actajus/internal/infrastructure/http/handler/request_password_reset.go:40.24,42.4 1 1
github.com/paladignus/actajus/internal/infrastructure/http/handler/request_password_reset.go:42.9,44.4 1 1
github.com/paladignus/actajus/internal/infrastructure/http/handler/request_password_reset.go:45.3,46.9 2 1
github.com/paladignus/actajus/internal/infrastructure/http/handler/request_password_reset.go:48.2,48.111 1 1
github.com/paladignus/actajus/internal/infrastructure/http/handler/response.go:9.59,13.2 3 1
github.com/paladignus/actajus/internal/infrastructure/http/handler/response.go:15.78,19.2 3 1
github.com/paladignus/actajus/internal/infrastructure/http/handler/response.go:21.74,23.2 1 1
github.com/paladignus/actajus/internal/infrastructure/http/handler/signin.go:17.73,19.2 1 1
github.com/paladignus/actajus/internal/infrastructure/http/handler/signin.go:21.64,23.16 2 1
github.com/paladignus/actajus/internal/infrastructure/http/handler/signin.go:23.16,27.3 3 1
github.com/paladignus/actajus/internal/infrastructure/http/handler/signin.go:28.2,29.16 2 1
github.com/paladignus/actajus/internal/infrastructure/http/handler/signin.go:29.16,31.24 2 1
github.com/paladignus/actajus/internal/infrastructure/http/handler/signin.go:31.24,33.4 1 1
github.com/paladignus/actajus/internal/infrastructure/http/handler/signin.go:33.9,35.4 1 1
github.com/paladignus/actajus/internal/infrastructure/http/handler/signin.go:36.3,37.9 2 1
github.com/paladignus/actajus/internal/infrastructure/http/handler/signin.go:39.2,40.37 2 1
github.com/paladignus/actajus/internal/infrastructure/database/postgres.go:26.108,30.16 3 1
github.com/paladignus/actajus/internal/infrastructure/database/postgres.go:30.16,32.3 1 1
github.com/paladignus/actajus/internal/infrastructure/database/postgres.go:33.2,36.16 4 1
github.com/paladignus/actajus/internal/infrastructure/database/postgres.go:36.16,38.3 1 0
github.com/paladignus/actajus/internal/infrastructure/database/postgres.go:39.2,39.39 1 1
github.com/paladignus/actajus/internal/infrastructure/database/postgres.go:39.39,41.3 1 1
github.com/paladignus/actajus/internal/infrastructure/database/postgres.go:42.2,43.29 2 1
github.com/paladignus/actajus/internal/infrastructure/database/postgres.go:46.68,47.20 1 1
github.com/paladignus/actajus/internal/infrastructure/database/postgres.go:47.20,50.3 2 1
github.com/paladignus/actajus/internal/infrastructure/http/middleware/cors.go:6.49,7.71 1 1
github.com/paladignus/actajus/internal/infrastructure/http/middleware/cors.go:7.71,11.28 4 1
github.com/paladignus/actajus/internal/infrastructure/http/middleware/cors.go:11.28,14.4 2 1
github.com/paladignus/actajus/internal/infrastructure/http/middleware/cors.go:15.3,15.23 1 1
github.com/paladignus/actajus/internal/infrastructure/http/middleware/logger.go:17.55,20.2 2 1
github.com/paladignus/actajus/internal/infrastructure/http/middleware/logger.go:22.56,26.2 3 1
github.com/paladignus/actajus/internal/infrastructure/http/middleware/logger.go:28.81,29.46 1 1
github.com/paladignus/actajus/internal/infrastructure/http/middleware/logger.go:29.46,30.72 1 1
github.com/paladignus/actajus/internal/infrastructure/http/middleware/logger.go:30.72,44.51 6 1
github.com/paladignus/actajus/internal/infrastructure/http/middleware/logger.go:44.51,46.5 1 1
github.com/paladignus/actajus/internal/infrastructure/http/middleware/logger.go:46.10,46.35 1 1
github.com/paladignus/actajus/internal/infrastructure/http/middleware/logger.go:46.35,48.5 1 1
github.com/paladignus/actajus/internal/infrastructure/http/middleware/logger.go:49.4,55.5 1 1
github.com/paladignus/actajus/internal/infrastructure/messaging/recover_password.go:21.19,25.2 1 1
github.com/paladignus/actajus/internal/infrastructure/messaging/recover_password.go:30.9,32.9 2 1
github.com/paladignus/actajus/internal/infrastructure/messaging/recover_password.go:32.9,35.3 2 1
github.com/paladignus/actajus/internal/infrastructure/messaging/recover_password.go:36.2,38.16 3 1
github.com/paladignus/actajus/internal/infrastructure/messaging/recover_password.go:38.16,41.3 2 1
github.com/paladignus/actajus/internal/infrastructure/messaging/recover_password.go:42.2,43.12 2 1
github.com/paladignus/actajus/internal/infrastructure/messaging/recover_password.go:46.59,48.2 1 1
github.com/paladignus/actajus/internal/infrastructure/messaging/recover_password.go:50.35,87.2 1 1
github.com/paladignus/actajus/internal/infrastructure/adapter/jwt.go:26.56,28.2 1 1
github.com/paladignus/actajus/internal/infrastructure/adapter/jwt.go:30.77,32.16 2 1
github.com/paladignus/actajus/internal/infrastructure/adapter/jwt.go:32.16,34.3 1 0
github.com/paladignus/actajus/internal/infrastructure/adapter/jwt.go:35.2,36.16 2 1
github.com/paladignus/actajus/internal/infrastructure/adapter/jwt.go:36.16,38.3 1 0
github.com/paladignus/actajus/internal/infrastructure/adapter/jwt.go:39.2,42.8 1 1
github.com/paladignus/actajus/internal/infrastructure/adapter/jwt.go:45.80,47.2 1 1
github.com/paladignus/actajus/internal/infrastructure/adapter/jwt.go:49.81,51.2 1 1
github.com/paladignus/actajus/internal/infrastructure/adapter/jwt.go:53.77,55.16 2 1
github.com/paladignus/actajus/internal/infrastructure/adapter/jwt.go:55.16,57.3 1 1
github.com/paladignus/actajus/internal/infrastructure/adapter/jwt.go:58.2,58.43 1 1
github.com/paladignus/actajus/internal/infrastructure/adapter/jwt.go:61.103,71.16 3 1
github.com/paladignus/actajus/internal/infrastructure/adapter/jwt.go:71.16,73.3 1 0
github.com/paladignus/actajus/internal/infrastructure/adapter/jwt.go:74.2,74.66 1 1
github.com/paladignus/actajus/internal/infrastructure/adapter/jwt.go:77.88,79.16 2 1
github.com/paladignus/actajus/internal/infrastructure/adapter/jwt.go:79.16,80.46 1 1
github.com/paladignus/actajus/internal/infrastructure/adapter/jwt.go:80.46,82.4 1 1
github.com/paladignus/actajus/internal/infrastructure/adapter/jwt.go:83.3,83.44 1 1
github.com/paladignus/actajus/internal/infrastructure/adapter/jwt.go:85.2,86.26 2 1
github.com/paladignus/actajus/internal/infrastructure/adapter/jwt.go:86.26,88.3 1 1
github.com/paladignus/actajus/internal/infrastructure/adapter/jwt.go:89.2,91.8 1 1
github.com/paladignus/actajus/internal/infrastructure/adapter/jwt.go:94.27,98.2 3 1
github.com/paladignus/actajus/internal/infrastructure/adapter/logger.go:32.49,34.22 2 1
github.com/paladignus/actajus/internal/infrastructure/adapter/logger.go:35.18,36.26 1 1
github.com/paladignus/actajus/internal/infrastructure/adapter/logger.go:37.17,38.25 1 1
github.com/paladignus/actajus/internal/infrastructure/adapter/logger.go:39.17,40.25 1 1
github.com/paladignus/actajus/internal/infrastructure/adapter/logger.go:41.18,42.26 1 1
github.com/paladignus/actajus/internal/infrastructure/adapter/logger.go:43.10,44.25 1 1
github.com/paladignus/actajus/internal/infrastructure/adapter/logger.go:47.2,55.23 4 1
github.com/paladignus/actajus/internal/infrastructure/adapter/logger.go:56.16,57.21 1 1
github.com/paladignus/actajus/internal/infrastructure/adapter/logger.go:58.10,59.21 1 1
github.com/paladignus/actajus/internal/infrastructure/adapter/logger.go:62.2,62.23 1 1
github.com/paladignus/actajus/internal/infrastructure/adapter/logger.go:63.14,64.46 1 1
github.com/paladignus/actajus/internal/infrastructure/adapter/logger.go:65.10,66.46 1 1
github.com/paladignus/actajus/internal/infrastructure/adapter/logger.go:69.2,71.3 1 1
github.com/paladignus/actajus/internal/infrastructure/adapter/logger.go:74.43,81.2 1 1
github.com/paladignus/actajus/internal/infrastructure/adapter/logger.go:83.75,85.2 1 1
github.com/paladignus/actajus/internal/infrastructure/adapter/logger.go:87.74,89.2 1 1
github.com/paladignus/actajus/internal/infrastructure/adapter/logger.go:91.74,93.2 1 1
github.com/paladignus/actajus/internal/infrastructure/adapter/logger.go:95.75,97.2 1 1
github.com/paladignus/actajus/internal/infrastructure/adapter/logger.go:99.59,103.2 1 1
github.com/paladignus/actajus/internal/infrastructure/adapter/logger.go:105.62,109.2 1 1
github.com/paladignus/actajus/internal/infrastructure/adapter/smtp.go:17.55,19.2 1 1
github.com/paladignus/actajus/internal/infrastructure/adapter/smtp.go:21.83,33.2 5 1
github.com/paladignus/actajus/internal/infrastructure/persistence/postgres/password_reset_token.go:19.64,21.2 1 1
github.com/paladignus/actajus/internal/infrastructure/persistence/postgres/password_reset_token.go:23.102,26.16 3 1
github.com/paladignus/actajus/internal/infrastructure/persistence/postgres/password_reset_token.go:26.16,28.3 1 1
github.com/paladignus/actajus/internal/infrastructure/persistence/postgres/password_reset_token.go:29.2,29.12 1 1
github.com/paladignus/actajus/internal/infrastructure/persistence/postgres/password_reset_token.go:32.118,48.27 2 1
github.com/paladignus/actajus/internal/infrastructure/persistence/postgres/password_reset_token.go:48.27,49.36 1 1
github.com/paladignus/actajus/internal/infrastructure/persistence/postgres/password_reset_token.go:49.36,51.4 1 1
github.com/paladignus/actajus/internal/infrastructure/persistence/postgres/password_reset_token.go:52.3,52.81 1 1
github.com/paladignus/actajus/internal/infrastructure/persistence/postgres/password_reset_token.go:54.2,54.16 1 1
github.com/paladignus/actajus/internal/infrastructure/persistence/postgres/password_reset_token.go:57.81,60.16 3 1
github.com/paladignus/actajus/internal/infrastructure/persistence/postgres/password_reset_token.go:60.16,62.3 1 1
github.com/paladignus/actajus/internal/infrastructure/persistence/postgres/password_reset_token.go:63.2,63.12 1 1
github.com/paladignus/actajus/internal/infrastructure/persistence/postgres/password_reset_token.go:66.89,69.16 3 1
github.com/paladignus/actajus/internal/infrastructure/persistence/postgres/password_reset_token.go:69.16,71.3 1 1
github.com/paladignus/actajus/internal/infrastructure/persistence/postgres/password_reset_token.go:72.2,72.12 1 1
github.com/paladignus/actajus/internal/infrastructure/persistence/postgres/persistence.go:12.50,14.2 1 1
github.com/paladignus/actajus/internal/infrastructure/persistence/postgres/persistence.go:16.34,18.2 1 1
github.com/paladignus/actajus/internal/infrastructure/persistence/postgres/persistence.go:20.62,22.2 1 1
github.com/paladignus/actajus/internal/infrastructure/persistence/postgres/user.go:19.36,21.2 1 1
github.com/paladignus/actajus/internal/infrastructure/persistence/postgres/user.go:23.114,41.17 2 1
github.com/paladignus/actajus/internal/infrastructure/persistence/postgres/user.go:41.17,42.36 1 1
github.com/paladignus/actajus/internal/infrastructure/persistence/postgres/user.go:42.36,44.4 1 1
github.com/paladignus/actajus/internal/infrastructure/persistence/postgres/user.go:45.3,45.97 1 1
github.com/paladignus/actajus/internal/infrastructure/persistence/postgres/user.go:47.2,48.16 2 1
github.com/paladignus/actajus/internal/infrastructure/persistence/postgres/user.go:48.16,50.3 1 1
github.com/paladignus/actajus/internal/infrastructure/persistence/postgres/user.go:51.2,52.18 2 1
github.com/paladignus/actajus/internal/infrastructure/persistence/postgres/user.go:55.89,60.16 3 1
github.com/paladignus/actajus/internal/infrastructure/persistence/postgres/user.go:60.16,62.3 1 1
github.com/paladignus/actajus/internal/infrastructure/persistence/postgres/user.go:63.2,64.18 2 1
github.com/paladignus/actajus/internal/infrastructure/persistence/postgres/user.go:64.18,66.42 2 1
github.com/paladignus/actajus/internal/infrastructure/persistence/postgres/user.go:66.42,68.4 1 1
github.com/paladignus/actajus/internal/infrastructure/persistence/postgres/user.go:69.3,69.30 1 1
github.com/paladignus/actajus/internal/infrastructure/persistence/postgres/user.go:71.2,71.19 1 1
github.com/paladignus/actajus/internal/infrastructure/persistence/postgres/user.go:74.113,79.16 3 1
github.com/paladignus/actajus/internal/infrastructure/persistence/postgres/user.go:79.16,81.3 1 1
github.com/paladignus/actajus/internal/infrastructure/persistence/postgres/user.go:82.2,83.18 2 1
github.com/paladignus/actajus/internal/infrastructure/persistence/postgres/user.go:83.18,85.77 2 1
github.com/paladignus/actajus/internal/infrastructure/persistence/postgres/user.go:85.77,87.4 1 1
github.com/paladignus/actajus/internal/infrastructure/persistence/postgres/user.go:88.3,88.48 1 1
github.com/paladignus/actajus/internal/infrastructure/persistence/postgres/user.go:90.2,90.25 1 1
github.com/paladignus/actajus/internal/infrastructure/persistence/postgres/user.go:93.107,99.77 2 1
github.com/paladignus/actajus/internal/infrastructure/persistence/postgres/user.go:99.77,100.36 1 1
github.com/paladignus/actajus/internal/infrastructure/persistence/postgres/user.go:100.36,102.4 1 1
github.com/paladignus/actajus/internal/infrastructure/persistence/postgres/user.go:103.3,103.91 1 1
github.com/paladignus/actajus/internal/infrastructure/persistence/postgres/user.go:105.2,105.20 1 1
github.com/paladignus/actajus/internal/infrastructure/persistence/postgres/user.go:108.92,113.74 2 1
github.com/paladignus/actajus/internal/infrastructure/persistence/postgres/user.go:113.74,114.36 1 1
github.com/paladignus/actajus/internal/infrastructure/persistence/postgres/user.go:114.36,116.4 1 1
github.com/paladignus/actajus/internal/infrastructure/persistence/postgres/user.go:117.3,117.94 1 1
github.com/paladignus/actajus/internal/infrastructure/persistence/postgres/user.go:119.2,119.20 1 1
github.com/paladignus/actajus/internal/infrastructure/persistence/postgres/user.go:122.86,127.70 2 1
github.com/paladignus/actajus/internal/infrastructure/persistence/postgres/user.go:127.70,129.3 1 1
github.com/paladignus/actajus/internal/infrastructure/persistence/postgres/user.go:130.2,130.12 1 1
github.com/paladignus/actajus/internal/application/usecase/get_email_by_cpf.go:20.17,24.2 1 1
github.com/paladignus/actajus/internal/application/usecase/get_email_by_cpf.go:29.46,31.20 2 1
github.com/paladignus/actajus/internal/application/usecase/get_email_by_cpf.go:31.20,33.3 1 1
github.com/paladignus/actajus/internal/application/usecase/get_email_by_cpf.go:34.2,35.16 2 1
github.com/paladignus/actajus/internal/application/usecase/get_email_by_cpf.go:35.16,37.3 1 1
github.com/paladignus/actajus/internal/application/usecase/get_email_by_cpf.go:38.2,38.19 1 1
github.com/paladignus/actajus/internal/application/usecase/renew_password.go:22.17,27.2 1 1
github.com/paladignus/actajus/internal/application/usecase/renew_password.go:29.89,31.20 2 1
github.com/paladignus/actajus/internal/application/usecase/renew_password.go:31.20,33.3 1 1
github.com/paladignus/actajus/internal/application/usecase/renew_password.go:34.2,36.16 3 1
github.com/paladignus/actajus/internal/application/usecase/renew_password.go:36.16,38.3 1 1
github.com/paladignus/actajus/internal/application/usecase/renew_password.go:39.2,39.23 1 1
github.com/paladignus/actajus/internal/application/usecase/renew_password.go:39.23,41.3 1 1
github.com/paladignus/actajus/internal/application/usecase/renew_password.go:42.2,43.25 2 1
github.com/paladignus/actajus/internal/application/usecase/renew_password.go:43.25,45.3 1 1
github.com/paladignus/actajus/internal/application/usecase/renew_password.go:46.2,46.81 1 1
github.com/paladignus/actajus/internal/application/usecase/renew_password.go:46.81,48.3 1 1
github.com/paladignus/actajus/internal/application/usecase/renew_password.go:49.2,49.61 1 1
github.com/paladignus/actajus/internal/application/usecase/renew_password.go:49.61,51.3 1 1
github.com/paladignus/actajus/internal/application/usecase/renew_password.go:52.2,52.12 1 1
github.com/paladignus/actajus/internal/application/usecase/request_password_reset.go:31.24,38.2 1 1
github.com/paladignus/actajus/internal/application/usecase/request_password_reset.go:40.101,42.22 2 1
github.com/paladignus/actajus/internal/application/usecase/request_password_reset.go:42.22,44.3 1 1
github.com/paladignus/actajus/internal/application/usecase/request_password_reset.go:45.2,46.16 2 1
github.com/paladignus/actajus/internal/application/usecase/request_password_reset.go:46.16,48.3 1 1
github.com/paladignus/actajus/internal/application/usecase/request_password_reset.go:49.2,49.66 1 1
github.com/paladignus/actajus/internal/application/usecase/request_password_reset.go:49.66,51.3 1 1
github.com/paladignus/actajus/internal/application/usecase/request_password_reset.go:52.2,53.16 2 1
github.com/paladignus/actajus/internal/application/usecase/request_password_reset.go:53.16,55.3 1 1
github.com/paladignus/actajus/internal/application/usecase/request_password_reset.go:56.2,57.56 2 1
github.com/paladignus/actajus/internal/application/usecase/request_password_reset.go:57.56,59.3 1 1
github.com/paladignus/actajus/internal/application/usecase/request_password_reset.go:60.2,64.17 1 1
github.com/paladignus/actajus/internal/application/usecase/request_password_reset.go:64.17,66.3 1 1
github.com/paladignus/actajus/internal/application/usecase/request_password_reset.go:67.2,67.12 1 1
github.com/paladignus/actajus/internal/application/usecase/send_email_recover_password.go:22.28,28.2 1 1
github.com/paladignus/actajus/internal/application/usecase/send_email_recover_password.go:30.70,33.16 3 1
github.com/paladignus/actajus/internal/application/usecase/send_email_recover_password.go:33.16,36.3 2 1
github.com/paladignus/actajus/internal/application/usecase/send_email_recover_password.go:37.2,38.12 2 1
github.com/paladignus/actajus/internal/application/usecase/signin.go:24.10,29.2 1 1
github.com/paladignus/actajus/internal/application/usecase/signin.go:31.104,33.20 2 1
github.com/paladignus/actajus/internal/application/usecase/signin.go:33.20,35.3 1 1
github.com/paladignus/actajus/internal/application/usecase/signin.go:36.2,38.16 3 1
github.com/paladignus/actajus/internal/application/usecase/signin.go:38.16,40.3 1 1
github.com/paladignus/actajus/internal/application/usecase/signin.go:41.2,43.16 3 1
github.com/paladignus/actajus/internal/application/usecase/signin.go:43.16,45.3 1 1
github.com/paladignus/actajus/internal/application/usecase/signin.go:46.2,48.18 3 1
github.com/paladignus/actajus/internal/infrastructure/adapter/messaging/nats/errors.go:11.36,12.18 1 1
github.com/paladignus/actajus/internal/infrastructure/adapter/messaging/nats/errors.go:12.18,14.3 1 1
github.com/paladignus/actajus/internal/infrastructure/adapter/messaging/nats/errors.go:15.2,15.48 1 1
github.com/paladignus/actajus/internal/infrastructure/adapter/messaging/nats/errors.go:18.36,20.2 1 1
github.com/paladignus/actajus/internal/infrastructure/adapter/messaging/nats/errors.go:22.43,28.2 1 1
github.com/paladignus/actajus/internal/infrastructure/adapter/messaging/nats/errors.go:30.40,36.2 1 1
github.com/paladignus/actajus/internal/infrastructure/adapter/messaging/nats/errors.go:38.42,44.2 1 1
github.com/paladignus/actajus/internal/infrastructure/adapter/messaging/nats/errors.go:46.47,52.2 1 1
github.com/paladignus/actajus/internal/infrastructure/adapter/messaging/nats/errors.go:54.49,60.2 1 1
github.com/paladignus/actajus/internal/infrastructure/adapter/messaging/nats/errors.go:62.41,67.2 1 1
github.com/paladignus/actajus/internal/infrastructure/adapter/messaging/nats/errors.go:69.46,75.2 1 1
github.com/paladignus/actajus/internal/infrastructure/adapter/messaging/nats/errors.go:77.48,83.2 1 1
github.com/paladignus/actajus/internal/infrastructure/adapter/messaging/nats/publisher.go:23.92,30.60 1 0
github.com/paladignus/actajus/internal/infrastructure/adapter/messaging/nats/publisher.go:30.60,31.18 1 0
github.com/paladignus/actajus/internal/infrastructure/adapter/messaging/nats/publisher.go:31.18,33.5 1 0
github.com/paladignus/actajus/internal/infrastructure/adapter/messaging/nats/publisher.go:35.45,37.4 1 0
github.com/paladignus/actajus/internal/infrastructure/adapter/messaging/nats/publisher.go:39.2,39.16 1 0
github.com/paladignus/actajus/internal/infrastructure/adapter/messaging/nats/publisher.go:39.16,41.3 1 0
github.com/paladignus/actajus/internal/infrastructure/adapter/messaging/nats/publisher.go:42.2,43.16 2 0
github.com/paladignus/actajus/internal/infrastructure/adapter/messaging/nats/publisher.go:43.16,46.3 2 0
github.com/paladignus/actajus/internal/infrastructure/adapter/messaging/nats/publisher.go:47.2,53.49 2 0
github.com/paladignus/actajus/internal/infrastructure/adapter/messaging/nats/publisher.go:53.49,56.3 2 0
github.com/paladignus/actajus/internal/infrastructure/adapter/messaging/nats/publisher.go:57.2,57.23 1 0
github.com/paladignus/actajus/internal/infrastructure/adapter/messaging/nats/publisher.go:60.42,70.16 3 0
github.com/paladignus/actajus/internal/infrastructure/adapter/messaging/nats/publisher.go:70.16,72.17 2 0
github.com/paladignus/actajus/internal/infrastructure/adapter/messaging/nats/publisher.go:72.17,74.4 1 0
github.com/paladignus/actajus/internal/infrastructure/adapter/messaging/nats/publisher.go:76.2,76.12 1 0
github.com/paladignus/actajus/internal/infrastructure/adapter/messaging/nats/publisher.go:79.74,81.16 2 0
github.com/paladignus/actajus/internal/infrastructure/adapter/messaging/nats/publisher.go:81.16,83.3 1 0
github.com/paladignus/actajus/internal/infrastructure/adapter/messaging/nats/publisher.go:84.2,87.16 4 0
github.com/paladignus/actajus/internal/infrastructure/adapter/messaging/nats/publisher.go:87.16,89.3 1 0
github.com/paladignus/actajus/internal/infrastructure/adapter/messaging/nats/publisher.go:90.2,90.12 1 0
github.com/paladignus/actajus/internal/infrastructure/adapter/messaging/nats/publisher.go:93.84,95.29 2 0
github.com/paladignus/actajus/internal/infrastructure/adapter/messaging/nats/publisher.go:95.29,96.45 1 0
github.com/paladignus/actajus/internal/infrastructure/adapter/messaging/nats/publisher.go:96.45,98.4 1 0
github.com/paladignus/actajus/internal/infrastructure/adapter/messaging/nats/publisher.go:100.2,100.21 1 0
github.com/paladignus/actajus/internal/infrastructure/adapter/messaging/nats/publisher.go:100.21,102.3 1 0
github.com/paladignus/actajus/internal/infrastructure/adapter/messaging/nats/publisher.go:103.2,103.12 1 0
github.com/paladignus/actajus/internal/infrastructure/adapter/messaging/nats/publisher.go:106.35,107.19 1 0
github.com/paladignus/actajus/internal/infrastructure/adapter/messaging/nats/publisher.go:107.19,110.3 2 0
github.com/paladignus/actajus/internal/infrastructure/adapter/messaging/nats/publisher.go:111.2,111.12 1 0
github.com/paladignus/actajus/internal/infrastructure/adapter/messaging/nats/subscriber.go:29.120,37.16 2 0
github.com/paladignus/actajus/internal/infrastructure/adapter/messaging/nats/subscriber.go:37.16,39.3 1 0
github.com/paladignus/actajus/internal/infrastructure/adapter/messaging/nats/subscriber.go:40.2,41.16 2 0
github.com/paladignus/actajus/internal/infrastructure/adapter/messaging/nats/subscriber.go:41.16,44.3 2 0
github.com/paladignus/actajus/internal/infrastructure/adapter/messaging/nats/subscriber.go:45.2,53.8 1 0
github.com/paladignus/actajus/internal/infrastructure/adapter/messaging/nats/subscriber.go:56.106,59.53 3 0
github.com/paladignus/actajus/internal/infrastructure/adapter/messaging/nats/subscriber.go:59.53,61.3 1 0
github.com/paladignus/actajus/internal/infrastructure/adapter/messaging/nats/subscriber.go:62.2,74.16 5 0
github.com/paladignus/actajus/internal/infrastructure/adapter/messaging/nats/subscriber.go:74.16,77.3 2 0
github.com/paladignus/actajus/internal/infrastructure/adapter/messaging/nats/subscriber.go:78.2,83.16 2 0
github.com/paladignus/actajus/internal/infrastructure/adapter/messaging/nats/subscriber.go:83.16,85.3 1 0
github.com/paladignus/actajus/internal/infrastructure/adapter/messaging/nats/subscriber.go:86.2,92.12 7 0
github.com/paladignus/actajus/internal/infrastructure/adapter/messaging/nats/subscriber.go:100.3,102.6 2 0
github.com/paladignus/actajus/internal/infrastructure/adapter/messaging/nats/subscriber.go:102.6,103.10 1 0
github.com/paladignus/actajus/internal/infrastructure/adapter/messaging/nats/subscriber.go:104.21,106.10 2 0
github.com/paladignus/actajus/internal/infrastructure/adapter/messaging/nats/subscriber.go:107.11,109.18 2 0
github.com/paladignus/actajus/internal/infrastructure/adapter/messaging/nats/subscriber.go:109.18,110.25 1 0
github.com/paladignus/actajus/internal/infrastructure/adapter/messaging/nats/subscriber.go:110.25,112.6 1 0
github.com/paladignus/actajus/internal/infrastructure/adapter/messaging/nats/subscriber.go:113.5,114.13 2 0
github.com/paladignus/actajus/internal/infrastructure/adapter/messaging/nats/subscriber.go:116.4,116.29 1 0
github.com/paladignus/actajus/internal/infrastructure/adapter/messaging/nats/subscriber.go:116.29,118.5 1 0
github.com/paladignus/actajus/internal/infrastructure/adapter/messaging/nats/subscriber.go:123.101,125.16 2 0
github.com/paladignus/actajus/internal/infrastructure/adapter/messaging/nats/subscriber.go:125.16,129.3 3 0
github.com/paladignus/actajus/internal/infrastructure/adapter/messaging/nats/subscriber.go:130.2,132.16 3 0
github.com/paladignus/actajus/internal/infrastructure/adapter/messaging/nats/subscriber.go:132.16,136.3 3 0
github.com/paladignus/actajus/internal/infrastructure/adapter/messaging/nats/subscriber.go:137.2,137.49 1 0
github.com/paladignus/actajus/internal/infrastructure/adapter/messaging/nats/subscriber.go:137.49,144.3 6 0
github.com/paladignus/actajus/internal/infrastructure/adapter/messaging/nats/subscriber.go:146.2,146.34 1 0
github.com/paladignus/actajus/internal/infrastructure/adapter/messaging/nats/subscriber.go:146.34,148.3 1 0
github.com/paladignus/actajus/internal/infrastructure/adapter/messaging/nats/subscriber.go:148.8,150.3 1 0
github.com/paladignus/actajus/internal/infrastructure/adapter/messaging/nats/subscriber.go:153.58,158.13 5 0
github.com/paladignus/actajus/internal/infrastructure/adapter/messaging/nats/subscriber.go:158.13,160.3 1 0
github.com/paladignus/actajus/internal/infrastructure/adapter/messaging/nats/subscriber.go:161.2,161.48 1 0
github.com/paladignus/actajus/internal/infrastructure/adapter/messaging/nats/subscriber.go:161.48,164.3 2 0
github.com/paladignus/actajus/internal/infrastructure/adapter/messaging/nats/subscriber.go:165.2,165.42 1 0
github.com/paladignus/actajus/internal/infrastructure/adapter/messaging/nats/subscriber.go:165.42,167.3 1 0
github.com/paladignus/actajus/internal/infrastructure/adapter/messaging/nats/subscriber.go:168.2,170.12 3 0
github.com/paladignus/actajus/internal/infrastructure/adapter/messaging/nats/subscriber.go:173.36,176.39 3 0
github.com/paladignus/actajus/internal/infrastructure/adapter/messaging/nats/subscriber.go:176.39,178.3 1 0
github.com/paladignus/actajus/internal/infrastructure/adapter/messaging/nats/subscriber.go:179.2,179.38 1 0
github.com/paladignus/actajus/internal/infrastructure/adapter/messaging/nats/subscriber.go:179.38,181.3 1 0
github.com/paladignus/actajus/internal/infrastructure/adapter/messaging/nats/subscriber.go:182.2,184.19 3 0
github.com/paladignus/actajus/internal/infrastructure/adapter/messaging/nats/subscriber.go:184.19,186.3 1 0
github.com/paladignus/actajus/internal/infrastructure/adapter/messaging/nats/subscriber.go:187.2,188.12 2 0
github.com/paladignus/actajus/internal/infrastructure/tracing/middleware.go:23.56,26.2 2 0
github.com/paladignus/actajus/internal/infrastructure/tracing/middleware.go:29.80,30.59 1 0
github.com/paladignus/actajus/internal/infrastructure/tracing/middleware.go:30.59,32.3 1 0
github.com/paladignus/actajus/internal/infrastructure/tracing/middleware.go:33.2,33.39 1 0
github.com/paladignus/actajus/internal/infrastructure/tracing/middleware.go:42.69,43.46 1 0
github.com/paladignus/actajus/internal/infrastructure/tracing/middleware.go:43.46,44.72 1 0
github.com/paladignus/actajus/internal/infrastructure/tracing/middleware.go:44.72,88.33 10 0
github.com/paladignus/actajus/internal/infrastructure/tracing/middleware.go:88.33,90.5 1 0
github.com/paladignus/actajus/internal/infrastructure/tracing/middleware.go:90.10,92.5 1 0
github.com/paladignus/actajus/internal/infrastructure/tracing/tracer.go:19.65,28.16 2 0
github.com/paladignus/actajus/internal/infrastructure/tracing/tracer.go:28.16,30.3 1 0
github.com/paladignus/actajus/internal/infrastructure/tracing/tracer.go:34.2,60.12 6 0
github.com/paladignus/actajus/internal/infrastructure/tracing/tracer.go:64.48,67.77 1 0
github.com/paladignus/actajus/internal/infrastructure/tracing/tracer.go:67.77,69.3 1 0
github.com/paladignus/actajus/internal/infrastructure/tracing/tracer.go:73.2,73.12 1 0
github.com/paladignus/actajus/internal/infrastructure/metrics/metrics.go:88.29,90.2 1 0
github.com/paladignus/actajus/internal/infrastructure/metrics/middleware.go:18.49,21.2 2 0
github.com/paladignus/actajus/internal/infrastructure/metrics/middleware.go:28.49,29.71 1 0
github.com/paladignus/actajus/internal/infrastructure/metrics/middleware.go:29.71,57.3 6 0
github.com/paladignus/actajus/internal/infrastructure/security/crypto_token_generator.go:13.53,17.2 1 0
github.com/paladignus/actajus/internal/infrastructure/security/crypto_token_generator.go:19.58,23.2 3 0
