mode: set
/home/marcelo/Workspace/go/projects/actajus/internal/infrastructure/persistence/postgres/user.go:19.36,21.2 1 1
/home/marcelo/Workspace/go/projects/actajus/internal/infrastructure/persistence/postgres/user.go:23.114,41.17 2 1
/home/marcelo/Workspace/go/projects/actajus/internal/infrastructure/persistence/postgres/user.go:41.17,42.36 1 1
/home/marcelo/Workspace/go/projects/actajus/internal/infrastructure/persistence/postgres/user.go:42.36,44.4 1 1
/home/marcelo/Workspace/go/projects/actajus/internal/infrastructure/persistence/postgres/user.go:45.3,45.97 1 1
/home/marcelo/Workspace/go/projects/actajus/internal/infrastructure/persistence/postgres/user.go:47.2,48.16 2 1
/home/marcelo/Workspace/go/projects/actajus/internal/infrastructure/persistence/postgres/user.go:48.16,50.3 1 1
/home/marcelo/Workspace/go/projects/actajus/internal/infrastructure/persistence/postgres/user.go:51.2,52.18 2 1
/home/marcelo/Workspace/go/projects/actajus/internal/infrastructure/persistence/postgres/user.go:55.89,60.16 3 1
/home/marcelo/Workspace/go/projects/actajus/internal/infrastructure/persistence/postgres/user.go:60.16,62.3 1 1
/home/marcelo/Workspace/go/projects/actajus/internal/infrastructure/persistence/postgres/user.go:63.2,64.18 2 1
/home/marcelo/Workspace/go/projects/actajus/internal/infrastructure/persistence/postgres/user.go:64.18,66.42 2 1
/home/marcelo/Workspace/go/projects/actajus/internal/infrastructure/persistence/postgres/user.go:66.42,68.4 1 0
/home/marcelo/Workspace/go/projects/actajus/internal/infrastructure/persistence/postgres/user.go:69.3,69.30 1 1
/home/marcelo/Workspace/go/projects/actajus/internal/infrastructure/persistence/postgres/user.go:71.2,71.19 1 1
/home/marcelo/Workspace/go/projects/actajus/internal/infrastructure/persistence/postgres/user.go:74.113,79.16 3 1
/home/marcelo/Workspace/go/projects/actajus/internal/infrastructure/persistence/postgres/user.go:79.16,81.3 1 1
/home/marcelo/Workspace/go/projects/actajus/internal/infrastructure/persistence/postgres/user.go:82.2,83.18 2 1
/home/marcelo/Workspace/go/projects/actajus/internal/infrastructure/persistence/postgres/user.go:83.18,85.77 2 1
/home/marcelo/Workspace/go/projects/actajus/internal/infrastructure/persistence/postgres/user.go:85.77,87.4 1 1
/home/marcelo/Workspace/go/projects/actajus/internal/infrastructure/persistence/postgres/user.go:88.3,88.48 1 1
/home/marcelo/Workspace/go/projects/actajus/internal/infrastructure/persistence/postgres/user.go:90.2,90.25 1 1
/home/marcelo/Workspace/go/projects/actajus/internal/infrastructure/persistence/postgres/user.go:93.107,99.77 2 1
/home/marcelo/Workspace/go/projects/actajus/internal/infrastructure/persistence/postgres/user.go:99.77,100.36 1 1
/home/marcelo/Workspace/go/projects/actajus/internal/infrastructure/persistence/postgres/user.go:100.36,102.4 1 1
/home/marcelo/Workspace/go/projects/actajus/internal/infrastructure/persistence/postgres/user.go:103.3,103.91 1 1
/home/marcelo/Workspace/go/projects/actajus/internal/infrastructure/persistence/postgres/user.go:105.2,105.20 1 1
/home/marcelo/Workspace/go/projects/actajus/internal/infrastructure/persistence/postgres/user.go:108.86,113.74 2 0
/home/marcelo/Workspace/go/projects/actajus/internal/infrastructure/persistence/postgres/user.go:113.74,114.36 1 0
/home/marcelo/Workspace/go/projects/actajus/internal/infrastructure/persistence/postgres/user.go:114.36,116.4 1 0
/home/marcelo/Workspace/go/projects/actajus/internal/infrastructure/persistence/postgres/user.go:117.3,117.94 1 0
/home/marcelo/Workspace/go/projects/actajus/internal/infrastructure/persistence/postgres/user.go:119.2,119.20 1 0
/home/marcelo/Workspace/go/projects/actajus/internal/infrastructure/persistence/postgres/user.go:122.86,127.70 2 0
/home/marcelo/Workspace/go/projects/actajus/internal/infrastructure/persistence/postgres/user.go:127.70,129.3 1 0
/home/marcelo/Workspace/go/projects/actajus/internal/infrastructure/persistence/postgres/user.go:130.2,130.12 1 0
