mode: set
/home/marcelo/Workspace/go/projects/actajus/internal/infrastructure/persistence/account.go:18.42,20.2 1 1
/home/marcelo/Workspace/go/projects/actajus/internal/infrastructure/persistence/account.go:22.122,36.17 3 1
/home/marcelo/Workspace/go/projects/actajus/internal/infrastructure/persistence/account.go:36.17,37.36 1 1
/home/marcelo/Workspace/go/projects/actajus/internal/infrastructure/persistence/account.go:37.36,39.4 1 1
/home/marcelo/Workspace/go/projects/actajus/internal/infrastructure/persistence/account.go:40.3,40.39 1 1
/home/marcelo/Workspace/go/projects/actajus/internal/infrastructure/persistence/account.go:42.2,43.16 2 1
/home/marcelo/Workspace/go/projects/actajus/internal/infrastructure/persistence/account.go:43.16,45.3 1 1
/home/marcelo/Workspace/go/projects/actajus/internal/infrastructure/persistence/account.go:46.2,47.27 2 1
/home/marcelo/Workspace/go/projects/actajus/internal/infrastructure/persistence/account.go:50.95,57.25 3 1
/home/marcelo/Workspace/go/projects/actajus/internal/infrastructure/persistence/account.go:57.25,59.3 1 1
/home/marcelo/Workspace/go/projects/actajus/internal/infrastructure/persistence/account.go:60.2,60.9 1 1
/home/marcelo/Workspace/go/projects/actajus/internal/infrastructure/persistence/account.go:60.9,62.3 1 1
/home/marcelo/Workspace/go/projects/actajus/internal/infrastructure/persistence/account.go:63.2,63.12 1 1
/home/marcelo/Workspace/go/projects/actajus/internal/infrastructure/persistence/account.go:66.105,71.16 3 1
/home/marcelo/Workspace/go/projects/actajus/internal/infrastructure/persistence/account.go:71.16,73.3 1 1
/home/marcelo/Workspace/go/projects/actajus/internal/infrastructure/persistence/account.go:74.2,75.18 2 1
/home/marcelo/Workspace/go/projects/actajus/internal/infrastructure/persistence/account.go:75.18,77.42 2 1
/home/marcelo/Workspace/go/projects/actajus/internal/infrastructure/persistence/account.go:77.42,79.4 1 1
/home/marcelo/Workspace/go/projects/actajus/internal/infrastructure/persistence/account.go:80.3,80.30 1 1
/home/marcelo/Workspace/go/projects/actajus/internal/infrastructure/persistence/account.go:82.2,82.19 1 1
/home/marcelo/Workspace/go/projects/actajus/internal/infrastructure/persistence/account.go:85.116,90.16 3 1
/home/marcelo/Workspace/go/projects/actajus/internal/infrastructure/persistence/account.go:90.16,92.3 1 1
/home/marcelo/Workspace/go/projects/actajus/internal/infrastructure/persistence/account.go:93.2,94.18 2 1
/home/marcelo/Workspace/go/projects/actajus/internal/infrastructure/persistence/account.go:94.18,96.77 2 1
/home/marcelo/Workspace/go/projects/actajus/internal/infrastructure/persistence/account.go:96.77,98.4 1 1
/home/marcelo/Workspace/go/projects/actajus/internal/infrastructure/persistence/account.go:99.3,99.48 1 1
/home/marcelo/Workspace/go/projects/actajus/internal/infrastructure/persistence/account.go:101.2,101.25 1 1
/home/marcelo/Workspace/go/projects/actajus/internal/infrastructure/persistence/account.go:104.91,109.70 2 1
/home/marcelo/Workspace/go/projects/actajus/internal/infrastructure/persistence/account.go:109.70,110.36 1 1
/home/marcelo/Workspace/go/projects/actajus/internal/infrastructure/persistence/account.go:110.36,112.4 1 1
/home/marcelo/Workspace/go/projects/actajus/internal/infrastructure/persistence/account.go:113.3,113.17 1 1
/home/marcelo/Workspace/go/projects/actajus/internal/infrastructure/persistence/account.go:115.2,115.19 1 1
