mode: set
/home/marcelo/Workspace/go/projects/actajus/internal/domain/value_object/cpf.go:12.29,14.2 1 1
/home/marcelo/Workspace/go/projects/actajus/internal/domain/value_object/cpf.go:16.34,18.2 1 1
/home/marcelo/Workspace/go/projects/actajus/internal/domain/value_object/cpf.go:20.29,22.32 2 1
/home/marcelo/Workspace/go/projects/actajus/internal/domain/value_object/cpf.go:22.32,24.3 1 1
/home/marcelo/Workspace/go/projects/actajus/internal/domain/value_object/cpf.go:25.2,26.25 2 1
/home/marcelo/Workspace/go/projects/actajus/internal/domain/value_object/cpf.go:26.25,28.3 1 1
/home/marcelo/Workspace/go/projects/actajus/internal/domain/value_object/cpf.go:29.2,31.61 3 1
/home/marcelo/Workspace/go/projects/actajus/internal/domain/value_object/cpf.go:31.61,33.3 1 1
/home/marcelo/Workspace/go/projects/actajus/internal/domain/value_object/cpf.go:34.2,34.13 1 1
/home/marcelo/Workspace/go/projects/actajus/internal/domain/value_object/cpf.go:37.31,39.27 2 1
/home/marcelo/Workspace/go/projects/actajus/internal/domain/value_object/cpf.go:39.27,40.28 1 1
/home/marcelo/Workspace/go/projects/actajus/internal/domain/value_object/cpf.go:40.28,42.4 1 1
/home/marcelo/Workspace/go/projects/actajus/internal/domain/value_object/cpf.go:44.2,44.25 1 1
/home/marcelo/Workspace/go/projects/actajus/internal/domain/value_object/cpf.go:47.38,48.32 1 1
/home/marcelo/Workspace/go/projects/actajus/internal/domain/value_object/cpf.go:48.32,49.23 1 1
/home/marcelo/Workspace/go/projects/actajus/internal/domain/value_object/cpf.go:49.23,51.4 1 1
/home/marcelo/Workspace/go/projects/actajus/internal/domain/value_object/cpf.go:53.2,53.13 1 1
/home/marcelo/Workspace/go/projects/actajus/internal/domain/value_object/cpf.go:56.49,58.27 2 1
/home/marcelo/Workspace/go/projects/actajus/internal/domain/value_object/cpf.go:58.27,62.3 3 1
/home/marcelo/Workspace/go/projects/actajus/internal/domain/value_object/cpf.go:63.2,64.19 2 1
/home/marcelo/Workspace/go/projects/actajus/internal/domain/value_object/cpf.go:64.19,66.3 1 1
/home/marcelo/Workspace/go/projects/actajus/internal/domain/value_object/cpf.go:67.2,67.23 1 1
/home/marcelo/Workspace/go/projects/actajus/internal/domain/value_object/date.go:8.30,10.2 1 1
/home/marcelo/Workspace/go/projects/actajus/internal/domain/value_object/date.go:12.30,15.2 2 1
/home/marcelo/Workspace/go/projects/actajus/internal/domain/value_object/email.go:8.31,10.2 1 1
/home/marcelo/Workspace/go/projects/actajus/internal/domain/value_object/email.go:12.31,14.2 1 1
/home/marcelo/Workspace/go/projects/actajus/internal/domain/value_object/email.go:16.41,18.2 1 1
/home/marcelo/Workspace/go/projects/actajus/internal/domain/value_object/email.go:20.31,24.2 3 1
/home/marcelo/Workspace/go/projects/actajus/internal/domain/value_object/file.go:8.30,10.2 1 1
/home/marcelo/Workspace/go/projects/actajus/internal/domain/value_object/file.go:12.30,15.2 2 1
/home/marcelo/Workspace/go/projects/actajus/internal/domain/value_object/password.go:8.34,10.2 1 1
/home/marcelo/Workspace/go/projects/actajus/internal/domain/value_object/password.go:12.34,14.2 1 1
/home/marcelo/Workspace/go/projects/actajus/internal/domain/value_object/password.go:16.34,27.2 5 1
/home/marcelo/Workspace/go/projects/actajus/internal/domain/value_object/text.go:8.30,10.2 1 1
/home/marcelo/Workspace/go/projects/actajus/internal/domain/value_object/text.go:12.30,15.2 2 1
