mode: set
/home/marcelo/Workspace/go/projects/actajus/internal/application/usecase/authenticate.go:25.16,31.2 1 1
/home/marcelo/Workspace/go/projects/actajus/internal/application/usecase/authenticate.go:33.111,36.20 3 1
/home/marcelo/Workspace/go/projects/actajus/internal/application/usecase/authenticate.go:36.20,41.3 2 1
/home/marcelo/Workspace/go/projects/actajus/internal/application/usecase/authenticate.go:42.2,43.16 2 1
/home/marcelo/Workspace/go/projects/actajus/internal/application/usecase/authenticate.go:43.16,49.3 2 1
/home/marcelo/Workspace/go/projects/actajus/internal/application/usecase/authenticate.go:50.2,51.16 2 1
/home/marcelo/Workspace/go/projects/actajus/internal/application/usecase/authenticate.go:51.16,57.3 2 1
/home/marcelo/Workspace/go/projects/actajus/internal/application/usecase/authenticate.go:58.2,63.16 3 1
/home/marcelo/Workspace/go/projects/actajus/internal/application/usecase/authenticate.go:63.16,66.3 2 1
/home/marcelo/Workspace/go/projects/actajus/internal/application/usecase/authenticate.go:67.2,70.20 3 1
