mode: set
/home/marcelo/Workspace/go/projects/actajus/internal/domain/entity/people.go:32.59,42.28 2 1
/home/marcelo/Workspace/go/projects/actajus/internal/domain/entity/people.go:42.28,44.3 1 1
/home/marcelo/Workspace/go/projects/actajus/internal/domain/entity/people.go:45.2,45.27 1 1
/home/marcelo/Workspace/go/projects/actajus/internal/domain/entity/people.go:45.27,47.3 1 1
/home/marcelo/Workspace/go/projects/actajus/internal/domain/entity/people.go:48.2,48.28 1 1
/home/marcelo/Workspace/go/projects/actajus/internal/domain/entity/people.go:48.28,50.3 1 1
/home/marcelo/Workspace/go/projects/actajus/internal/domain/entity/people.go:51.2,51.25 1 1
/home/marcelo/Workspace/go/projects/actajus/internal/domain/entity/people.go:51.25,53.3 1 1
/home/marcelo/Workspace/go/projects/actajus/internal/domain/entity/people.go:54.2,54.25 1 1
/home/marcelo/Workspace/go/projects/actajus/internal/domain/entity/people.go:54.25,56.3 1 1
/home/marcelo/Workspace/go/projects/actajus/internal/domain/entity/people.go:57.2,57.25 1 1
/home/marcelo/Workspace/go/projects/actajus/internal/domain/entity/people.go:57.25,59.3 1 1
/home/marcelo/Workspace/go/projects/actajus/internal/domain/entity/people.go:60.2,60.32 1 1
/home/marcelo/Workspace/go/projects/actajus/internal/domain/entity/people.go:60.32,62.3 1 1
/home/marcelo/Workspace/go/projects/actajus/internal/domain/entity/people.go:63.2,63.15 1 1
