mode: set
github.com/paladignus/actajus/internal/domain/entity/person.go:21.56,30.28 2 1
github.com/paladignus/actajus/internal/domain/entity/person.go:30.28,32.3 1 1
github.com/paladignus/actajus/internal/domain/entity/person.go:33.2,33.27 1 1
github.com/paladignus/actajus/internal/domain/entity/person.go:33.27,35.3 1 1
github.com/paladignus/actajus/internal/domain/entity/person.go:36.2,36.28 1 1
github.com/paladignus/actajus/internal/domain/entity/person.go:36.28,38.3 1 1
github.com/paladignus/actajus/internal/domain/entity/person.go:39.2,39.25 1 1
github.com/paladignus/actajus/internal/domain/entity/person.go:39.25,41.3 1 1
github.com/paladignus/actajus/internal/domain/entity/person.go:42.2,42.25 1 1
github.com/paladignus/actajus/internal/domain/entity/person.go:42.25,44.3 1 1
github.com/paladignus/actajus/internal/domain/entity/person.go:45.2,45.25 1 1
github.com/paladignus/actajus/internal/domain/entity/person.go:45.25,47.3 1 1
github.com/paladignus/actajus/internal/domain/entity/person.go:48.2,48.15 1 1
github.com/paladignus/actajus/internal/domain/value_object/cpf.go:12.29,14.2 1 1
github.com/paladignus/actajus/internal/domain/value_object/cpf.go:16.34,18.2 1 1
github.com/paladignus/actajus/internal/domain/value_object/cpf.go:20.29,22.32 2 1
github.com/paladignus/actajus/internal/domain/value_object/cpf.go:22.32,24.3 1 1
github.com/paladignus/actajus/internal/domain/value_object/cpf.go:25.2,26.25 2 1
github.com/paladignus/actajus/internal/domain/value_object/cpf.go:26.25,28.3 1 1
github.com/paladignus/actajus/internal/domain/value_object/cpf.go:29.2,31.61 3 1
github.com/paladignus/actajus/internal/domain/value_object/cpf.go:31.61,33.3 1 1
github.com/paladignus/actajus/internal/domain/value_object/cpf.go:34.2,34.13 1 1
github.com/paladignus/actajus/internal/domain/value_object/cpf.go:37.31,39.27 2 1
github.com/paladignus/actajus/internal/domain/value_object/cpf.go:39.27,40.28 1 1
github.com/paladignus/actajus/internal/domain/value_object/cpf.go:40.28,42.4 1 1
github.com/paladignus/actajus/internal/domain/value_object/cpf.go:44.2,44.25 1 1
github.com/paladignus/actajus/internal/domain/value_object/cpf.go:47.38,48.32 1 1
github.com/paladignus/actajus/internal/domain/value_object/cpf.go:48.32,49.23 1 1
github.com/paladignus/actajus/internal/domain/value_object/cpf.go:49.23,51.4 1 1
github.com/paladignus/actajus/internal/domain/value_object/cpf.go:53.2,53.13 1 1
github.com/paladignus/actajus/internal/domain/value_object/cpf.go:56.49,58.27 2 1
github.com/paladignus/actajus/internal/domain/value_object/cpf.go:58.27,62.3 3 1
github.com/paladignus/actajus/internal/domain/value_object/cpf.go:63.2,64.19 2 1
github.com/paladignus/actajus/internal/domain/value_object/cpf.go:64.19,66.3 1 1
github.com/paladignus/actajus/internal/domain/value_object/cpf.go:67.2,67.23 1 1
github.com/paladignus/actajus/internal/domain/value_object/date.go:8.30,10.2 1 1
github.com/paladignus/actajus/internal/domain/value_object/date.go:12.30,15.2 2 1
github.com/paladignus/actajus/internal/domain/value_object/email.go:8.31,10.2 1 1
github.com/paladignus/actajus/internal/domain/value_object/email.go:12.31,14.2 1 1
github.com/paladignus/actajus/internal/domain/value_object/email.go:16.41,18.2 1 1
github.com/paladignus/actajus/internal/domain/value_object/email.go:20.31,24.2 3 1
github.com/paladignus/actajus/internal/domain/value_object/file.go:8.30,10.2 1 1
github.com/paladignus/actajus/internal/domain/value_object/file.go:12.30,15.2 2 1
github.com/paladignus/actajus/internal/domain/value_object/password.go:8.34,10.2 1 1
github.com/paladignus/actajus/internal/domain/value_object/password.go:12.34,14.2 1 1
github.com/paladignus/actajus/internal/domain/value_object/password.go:16.34,27.2 5 1
github.com/paladignus/actajus/internal/domain/value_object/text.go:8.30,10.2 1 1
github.com/paladignus/actajus/internal/domain/value_object/text.go:12.30,15.2 2 1
github.com/paladignus/actajus/internal/infrastructure/config/config.go:39.20,62.2 1 1
github.com/paladignus/actajus/internal/infrastructure/config/config.go:64.46,65.42 1 1
github.com/paladignus/actajus/internal/infrastructure/config/config.go:65.42,67.3 1 1
github.com/paladignus/actajus/internal/infrastructure/config/config.go:71.2,71.21 1 1
github.com/paladignus/actajus/internal/infrastructure/config/config.go:74.52,75.42 1 1
github.com/paladignus/actajus/internal/infrastructure/config/config.go:75.42,76.55 1 1
github.com/paladignus/actajus/internal/infrastructure/config/config.go:76.55,78.4 1 1
github.com/paladignus/actajus/internal/infrastructure/config/config.go:80.2,80.21 1 1
github.com/paladignus/actajus/internal/infrastructure/http/handler/authenticate.go:17.91,19.2 1 1
github.com/paladignus/actajus/internal/infrastructure/http/handler/authenticate.go:21.76,24.16 3 1
github.com/paladignus/actajus/internal/infrastructure/http/handler/authenticate.go:24.16,28.3 3 1
github.com/paladignus/actajus/internal/infrastructure/http/handler/authenticate.go:29.2,30.16 2 1
github.com/paladignus/actajus/internal/infrastructure/http/handler/authenticate.go:30.16,32.24 2 1
github.com/paladignus/actajus/internal/infrastructure/http/handler/authenticate.go:32.24,34.4 1 1
github.com/paladignus/actajus/internal/infrastructure/http/handler/authenticate.go:34.9,36.4 1 1
github.com/paladignus/actajus/internal/infrastructure/http/handler/authenticate.go:37.3,38.9 2 1
github.com/paladignus/actajus/internal/infrastructure/http/handler/authenticate.go:40.2,41.37 2 1
github.com/paladignus/actajus/internal/infrastructure/http/handler/errors.go:16.59,17.9 1 1
github.com/paladignus/actajus/internal/infrastructure/http/handler/errors.go:18.49,22.4 1 1
github.com/paladignus/actajus/internal/infrastructure/http/handler/errors.go:23.55,27.4 1 1
github.com/paladignus/actajus/internal/infrastructure/http/handler/errors.go:28.54,32.4 1 1
github.com/paladignus/actajus/internal/infrastructure/http/handler/errors.go:33.49,37.4 1 1
github.com/paladignus/actajus/internal/infrastructure/http/handler/errors.go:38.47,42.4 1 1
github.com/paladignus/actajus/internal/infrastructure/http/handler/errors.go:43.50,47.4 1 1
github.com/paladignus/actajus/internal/infrastructure/http/handler/errors.go:48.10,52.4 1 1
github.com/paladignus/actajus/internal/infrastructure/http/handler/get_email_by_cpf.go:17.94,19.2 1 1
github.com/paladignus/actajus/internal/infrastructure/http/handler/get_email_by_cpf.go:21.78,24.16 3 1
github.com/paladignus/actajus/internal/infrastructure/http/handler/get_email_by_cpf.go:24.16,28.3 3 1
github.com/paladignus/actajus/internal/infrastructure/http/handler/get_email_by_cpf.go:29.2,30.16 2 1
github.com/paladignus/actajus/internal/infrastructure/http/handler/get_email_by_cpf.go:30.16,32.24 2 1
github.com/paladignus/actajus/internal/infrastructure/http/handler/get_email_by_cpf.go:32.24,34.4 1 1
github.com/paladignus/actajus/internal/infrastructure/http/handler/get_email_by_cpf.go:34.9,36.4 1 1
github.com/paladignus/actajus/internal/infrastructure/http/handler/get_email_by_cpf.go:37.3,38.9 2 1
github.com/paladignus/actajus/internal/infrastructure/http/handler/get_email_by_cpf.go:40.2,41.37 2 1
github.com/paladignus/actajus/internal/infrastructure/http/handler/response.go:9.59,13.2 3 1
github.com/paladignus/actajus/internal/infrastructure/http/handler/response.go:15.78,19.2 3 1
github.com/paladignus/actajus/internal/infrastructure/http/handler/response.go:21.74,23.2 1 1
github.com/paladignus/actajus/internal/infrastructure/http/middleware/cors.go:6.49,7.71 1 1
github.com/paladignus/actajus/internal/infrastructure/http/middleware/cors.go:7.71,11.28 4 1
github.com/paladignus/actajus/internal/infrastructure/http/middleware/cors.go:11.28,14.4 2 1
github.com/paladignus/actajus/internal/infrastructure/http/middleware/cors.go:15.3,15.23 1 1
github.com/paladignus/actajus/internal/infrastructure/http/middleware/logger.go:17.55,20.2 2 1
github.com/paladignus/actajus/internal/infrastructure/http/middleware/logger.go:22.56,26.2 3 1
github.com/paladignus/actajus/internal/infrastructure/http/middleware/logger.go:28.81,29.46 1 1
github.com/paladignus/actajus/internal/infrastructure/http/middleware/logger.go:29.46,30.72 1 1
github.com/paladignus/actajus/internal/infrastructure/http/middleware/logger.go:30.72,46.51 6 1
github.com/paladignus/actajus/internal/infrastructure/http/middleware/logger.go:46.51,48.5 1 1
github.com/paladignus/actajus/internal/infrastructure/http/middleware/logger.go:48.10,48.35 1 1
github.com/paladignus/actajus/internal/infrastructure/http/middleware/logger.go:48.35,50.5 1 1
github.com/paladignus/actajus/internal/infrastructure/http/middleware/logger.go:51.4,57.5 1 1
github.com/paladignus/actajus/internal/infrastructure/database/postgres.go:26.108,30.16 3 1
github.com/paladignus/actajus/internal/infrastructure/database/postgres.go:30.16,32.3 1 1
github.com/paladignus/actajus/internal/infrastructure/database/postgres.go:33.2,36.16 4 1
github.com/paladignus/actajus/internal/infrastructure/database/postgres.go:36.16,38.3 1 0
github.com/paladignus/actajus/internal/infrastructure/database/postgres.go:39.2,39.39 1 1
github.com/paladignus/actajus/internal/infrastructure/database/postgres.go:39.39,41.3 1 1
github.com/paladignus/actajus/internal/infrastructure/database/postgres.go:42.2,43.29 2 1
github.com/paladignus/actajus/internal/infrastructure/database/postgres.go:46.68,47.20 1 1
github.com/paladignus/actajus/internal/infrastructure/database/postgres.go:47.20,50.3 2 1
github.com/paladignus/actajus/internal/application/usecase/authenticate.go:25.16,31.2 1 1
github.com/paladignus/actajus/internal/application/usecase/authenticate.go:33.111,36.20 3 1
github.com/paladignus/actajus/internal/application/usecase/authenticate.go:36.20,41.3 2 1
github.com/paladignus/actajus/internal/application/usecase/authenticate.go:42.2,43.16 2 1
github.com/paladignus/actajus/internal/application/usecase/authenticate.go:43.16,49.3 2 1
github.com/paladignus/actajus/internal/application/usecase/authenticate.go:50.2,51.16 2 1
github.com/paladignus/actajus/internal/application/usecase/authenticate.go:51.16,57.3 2 1
github.com/paladignus/actajus/internal/application/usecase/authenticate.go:58.2,63.16 3 1
github.com/paladignus/actajus/internal/application/usecase/authenticate.go:63.16,66.3 2 1
github.com/paladignus/actajus/internal/application/usecase/authenticate.go:67.2,70.20 3 1
github.com/paladignus/actajus/internal/application/usecase/get_email_by_cpf.go:18.95,20.2 1 1
github.com/paladignus/actajus/internal/application/usecase/get_email_by_cpf.go:22.114,25.20 3 1
github.com/paladignus/actajus/internal/application/usecase/get_email_by_cpf.go:25.20,28.3 2 1
github.com/paladignus/actajus/internal/application/usecase/get_email_by_cpf.go:29.2,30.16 2 1
github.com/paladignus/actajus/internal/application/usecase/get_email_by_cpf.go:30.16,33.3 2 1
github.com/paladignus/actajus/internal/application/usecase/get_email_by_cpf.go:34.2,35.19 2 1
github.com/paladignus/actajus/internal/infrastructure/adapter/jwt.go:26.56,28.2 1 1
github.com/paladignus/actajus/internal/infrastructure/adapter/jwt.go:30.77,32.16 2 1
github.com/paladignus/actajus/internal/infrastructure/adapter/jwt.go:32.16,34.3 1 0
github.com/paladignus/actajus/internal/infrastructure/adapter/jwt.go:35.2,36.16 2 1
github.com/paladignus/actajus/internal/infrastructure/adapter/jwt.go:36.16,38.3 1 0
github.com/paladignus/actajus/internal/infrastructure/adapter/jwt.go:39.2,42.8 1 1
github.com/paladignus/actajus/internal/infrastructure/adapter/jwt.go:45.80,47.2 1 1
github.com/paladignus/actajus/internal/infrastructure/adapter/jwt.go:49.81,51.2 1 1
github.com/paladignus/actajus/internal/infrastructure/adapter/jwt.go:53.77,55.16 2 1
github.com/paladignus/actajus/internal/infrastructure/adapter/jwt.go:55.16,57.3 1 1
github.com/paladignus/actajus/internal/infrastructure/adapter/jwt.go:58.2,58.43 1 1
github.com/paladignus/actajus/internal/infrastructure/adapter/jwt.go:61.103,71.16 3 1
github.com/paladignus/actajus/internal/infrastructure/adapter/jwt.go:71.16,73.3 1 0
github.com/paladignus/actajus/internal/infrastructure/adapter/jwt.go:74.2,74.66 1 1
github.com/paladignus/actajus/internal/infrastructure/adapter/jwt.go:77.88,79.16 2 1
github.com/paladignus/actajus/internal/infrastructure/adapter/jwt.go:79.16,80.46 1 1
github.com/paladignus/actajus/internal/infrastructure/adapter/jwt.go:80.46,82.4 1 1
github.com/paladignus/actajus/internal/infrastructure/adapter/jwt.go:83.3,83.44 1 1
github.com/paladignus/actajus/internal/infrastructure/adapter/jwt.go:85.2,86.26 2 1
github.com/paladignus/actajus/internal/infrastructure/adapter/jwt.go:86.26,88.3 1 1
github.com/paladignus/actajus/internal/infrastructure/adapter/jwt.go:89.2,91.8 1 1
github.com/paladignus/actajus/internal/infrastructure/adapter/jwt.go:94.27,98.2 3 1
github.com/paladignus/actajus/internal/infrastructure/adapter/logger.go:32.49,34.22 2 1
github.com/paladignus/actajus/internal/infrastructure/adapter/logger.go:35.18,36.26 1 1
github.com/paladignus/actajus/internal/infrastructure/adapter/logger.go:37.17,38.25 1 1
github.com/paladignus/actajus/internal/infrastructure/adapter/logger.go:39.17,40.25 1 1
github.com/paladignus/actajus/internal/infrastructure/adapter/logger.go:41.18,42.26 1 1
github.com/paladignus/actajus/internal/infrastructure/adapter/logger.go:43.10,44.25 1 1
github.com/paladignus/actajus/internal/infrastructure/adapter/logger.go:47.2,55.23 4 1
github.com/paladignus/actajus/internal/infrastructure/adapter/logger.go:56.16,57.21 1 1
github.com/paladignus/actajus/internal/infrastructure/adapter/logger.go:58.10,59.21 1 1
github.com/paladignus/actajus/internal/infrastructure/adapter/logger.go:62.2,62.23 1 1
github.com/paladignus/actajus/internal/infrastructure/adapter/logger.go:63.14,64.46 1 1
github.com/paladignus/actajus/internal/infrastructure/adapter/logger.go:65.10,66.46 1 1
github.com/paladignus/actajus/internal/infrastructure/adapter/logger.go:69.2,71.3 1 1
github.com/paladignus/actajus/internal/infrastructure/adapter/logger.go:74.43,81.2 1 1
github.com/paladignus/actajus/internal/infrastructure/adapter/logger.go:83.75,85.2 1 1
github.com/paladignus/actajus/internal/infrastructure/adapter/logger.go:87.74,89.2 1 1
github.com/paladignus/actajus/internal/infrastructure/adapter/logger.go:91.74,93.2 1 1
github.com/paladignus/actajus/internal/infrastructure/adapter/logger.go:95.75,97.2 1 1
github.com/paladignus/actajus/internal/infrastructure/adapter/logger.go:99.59,103.2 1 1
github.com/paladignus/actajus/internal/infrastructure/adapter/logger.go:105.62,109.2 1 1
github.com/paladignus/actajus/internal/infrastructure/adapter/redis.go:17.80,19.2 1 1
github.com/paladignus/actajus/internal/infrastructure/adapter/redis.go:21.69,23.2 1 1
github.com/paladignus/actajus/internal/infrastructure/adapter/redis.go:25.53,27.2 1 1
github.com/paladignus/actajus/internal/infrastructure/adapter/redis.go:29.55,31.2 1 1
github.com/paladignus/actajus/internal/infrastructure/adapter/redis.go:33.46,35.2 1 1
github.com/paladignus/actajus/internal/infrastructure/persistence/account.go:18.42,20.2 1 1
github.com/paladignus/actajus/internal/infrastructure/persistence/account.go:22.122,36.17 3 1
github.com/paladignus/actajus/internal/infrastructure/persistence/account.go:36.17,37.36 1 1
github.com/paladignus/actajus/internal/infrastructure/persistence/account.go:37.36,39.4 1 1
github.com/paladignus/actajus/internal/infrastructure/persistence/account.go:40.3,40.39 1 1
github.com/paladignus/actajus/internal/infrastructure/persistence/account.go:42.2,43.16 2 1
github.com/paladignus/actajus/internal/infrastructure/persistence/account.go:43.16,45.3 1 1
github.com/paladignus/actajus/internal/infrastructure/persistence/account.go:46.2,47.27 2 1
github.com/paladignus/actajus/internal/infrastructure/persistence/account.go:50.95,57.25 3 1
github.com/paladignus/actajus/internal/infrastructure/persistence/account.go:57.25,59.3 1 1
github.com/paladignus/actajus/internal/infrastructure/persistence/account.go:60.2,60.9 1 1
github.com/paladignus/actajus/internal/infrastructure/persistence/account.go:60.9,62.3 1 1
github.com/paladignus/actajus/internal/infrastructure/persistence/account.go:63.2,63.12 1 1
github.com/paladignus/actajus/internal/infrastructure/persistence/account.go:66.105,71.16 3 1
github.com/paladignus/actajus/internal/infrastructure/persistence/account.go:71.16,73.3 1 1
github.com/paladignus/actajus/internal/infrastructure/persistence/account.go:74.2,75.18 2 1
github.com/paladignus/actajus/internal/infrastructure/persistence/account.go:75.18,77.42 2 1
github.com/paladignus/actajus/internal/infrastructure/persistence/account.go:77.42,79.4 1 1
github.com/paladignus/actajus/internal/infrastructure/persistence/account.go:80.3,80.30 1 1
github.com/paladignus/actajus/internal/infrastructure/persistence/account.go:82.2,82.19 1 1
github.com/paladignus/actajus/internal/infrastructure/persistence/account.go:85.116,90.16 3 1
github.com/paladignus/actajus/internal/infrastructure/persistence/account.go:90.16,92.3 1 1
github.com/paladignus/actajus/internal/infrastructure/persistence/account.go:93.2,94.18 2 1
github.com/paladignus/actajus/internal/infrastructure/persistence/account.go:94.18,96.77 2 1
github.com/paladignus/actajus/internal/infrastructure/persistence/account.go:96.77,98.4 1 1
github.com/paladignus/actajus/internal/infrastructure/persistence/account.go:99.3,99.48 1 1
github.com/paladignus/actajus/internal/infrastructure/persistence/account.go:101.2,101.25 1 1
github.com/paladignus/actajus/internal/infrastructure/persistence/account.go:104.125,110.76 2 1
github.com/paladignus/actajus/internal/infrastructure/persistence/account.go:110.76,111.36 1 1
github.com/paladignus/actajus/internal/infrastructure/persistence/account.go:111.36,113.4 1 1
github.com/paladignus/actajus/internal/infrastructure/persistence/account.go:114.3,114.40 1 1
github.com/paladignus/actajus/internal/infrastructure/persistence/account.go:116.2,116.19 1 1
github.com/paladignus/actajus/internal/infrastructure/persistence/persistence.go:12.50,14.2 1 1
github.com/paladignus/actajus/internal/infrastructure/persistence/persistence.go:16.40,18.2 1 1
github.com/paladignus/actajus/internal/infrastructure/persistence/token.go:15.74,18.14 3 1
github.com/paladignus/actajus/internal/infrastructure/persistence/token.go:18.14,20.3 1 1
github.com/paladignus/actajus/internal/infrastructure/persistence/token.go:21.2,21.56 1 1
github.com/paladignus/actajus/internal/infrastructure/persistence/token.go:21.56,23.3 1 1
github.com/paladignus/actajus/internal/infrastructure/persistence/token.go:24.2,24.12 1 1
github.com/paladignus/actajus/internal/infrastructure/persistence/token.go:27.59,30.16 3 1
github.com/paladignus/actajus/internal/infrastructure/persistence/token.go:30.16,32.3 1 1
github.com/paladignus/actajus/internal/infrastructure/persistence/token.go:33.2,33.24 1 1
