mode: set
/home/marcelo/Workspace/go/projects/actajus/internal/application/usecase/get_email_by_cpf.go:17.95,19.2 1 1
/home/marcelo/Workspace/go/projects/actajus/internal/application/usecase/get_email_by_cpf.go:21.87,24.20 3 1
/home/marcelo/Workspace/go/projects/actajus/internal/application/usecase/get_email_by_cpf.go:24.20,27.3 2 1
/home/marcelo/Workspace/go/projects/actajus/internal/application/usecase/get_email_by_cpf.go:28.2,29.16 2 1
/home/marcelo/Workspace/go/projects/actajus/internal/application/usecase/get_email_by_cpf.go:29.16,32.3 2 1
/home/marcelo/Workspace/go/projects/actajus/internal/application/usecase/get_email_by_cpf.go:33.2,34.19 2 1
