mode: set
github.com/paladignus/actajus/internal/domain/entity/person.go:31.56,40.28 2 1
github.com/paladignus/actajus/internal/domain/entity/person.go:40.28,42.3 1 1
github.com/paladignus/actajus/internal/domain/entity/person.go:43.2,43.27 1 1
github.com/paladignus/actajus/internal/domain/entity/person.go:43.27,45.3 1 1
github.com/paladignus/actajus/internal/domain/entity/person.go:46.2,46.28 1 1
github.com/paladignus/actajus/internal/domain/entity/person.go:46.28,48.3 1 1
github.com/paladignus/actajus/internal/domain/entity/person.go:49.2,49.25 1 1
github.com/paladignus/actajus/internal/domain/entity/person.go:49.25,51.3 1 1
github.com/paladignus/actajus/internal/domain/entity/person.go:52.2,52.25 1 1
github.com/paladignus/actajus/internal/domain/entity/person.go:52.25,54.3 1 1
github.com/paladignus/actajus/internal/domain/entity/person.go:55.2,55.25 1 1
github.com/paladignus/actajus/internal/domain/entity/person.go:55.25,57.3 1 1
github.com/paladignus/actajus/internal/domain/entity/person.go:58.2,58.15 1 1
github.com/paladignus/actajus/internal/application/usecase/authenticate.go:24.16,30.2 1 1
github.com/paladignus/actajus/internal/application/usecase/authenticate.go:32.111,35.20 3 1
github.com/paladignus/actajus/internal/application/usecase/authenticate.go:35.20,40.3 2 1
github.com/paladignus/actajus/internal/application/usecase/authenticate.go:41.2,42.16 2 1
github.com/paladignus/actajus/internal/application/usecase/authenticate.go:42.16,48.3 2 1
github.com/paladignus/actajus/internal/application/usecase/authenticate.go:49.2,50.16 2 1
github.com/paladignus/actajus/internal/application/usecase/authenticate.go:50.16,56.3 2 1
github.com/paladignus/actajus/internal/application/usecase/authenticate.go:57.2,62.16 3 1
github.com/paladignus/actajus/internal/application/usecase/authenticate.go:62.16,64.3 1 1
github.com/paladignus/actajus/internal/application/usecase/authenticate.go:65.2,68.20 4 1
github.com/paladignus/actajus/internal/infrastructure/http/handler/authenticate.go:17.91,19.2 1 1
github.com/paladignus/actajus/internal/infrastructure/http/handler/authenticate.go:21.76,24.16 3 1
github.com/paladignus/actajus/internal/infrastructure/http/handler/authenticate.go:24.16,28.3 3 1
github.com/paladignus/actajus/internal/infrastructure/http/handler/authenticate.go:29.2,30.16 2 1
github.com/paladignus/actajus/internal/infrastructure/http/handler/authenticate.go:30.16,32.24 2 1
github.com/paladignus/actajus/internal/infrastructure/http/handler/authenticate.go:32.24,34.4 1 1
github.com/paladignus/actajus/internal/infrastructure/http/handler/authenticate.go:34.9,36.4 1 1
github.com/paladignus/actajus/internal/infrastructure/http/handler/authenticate.go:37.3,38.9 2 1
github.com/paladignus/actajus/internal/infrastructure/http/handler/authenticate.go:40.2,41.37 2 1
github.com/paladignus/actajus/internal/infrastructure/http/handler/errors.go:16.59,17.9 1 1
github.com/paladignus/actajus/internal/infrastructure/http/handler/errors.go:18.49,22.4 1 1
github.com/paladignus/actajus/internal/infrastructure/http/handler/errors.go:23.55,27.4 1 1
github.com/paladignus/actajus/internal/infrastructure/http/handler/errors.go:28.54,32.4 1 1
github.com/paladignus/actajus/internal/infrastructure/http/handler/errors.go:33.49,37.4 1 1
github.com/paladignus/actajus/internal/infrastructure/http/handler/errors.go:38.47,42.4 1 1
github.com/paladignus/actajus/internal/infrastructure/http/handler/errors.go:43.10,47.4 1 1
github.com/paladignus/actajus/internal/infrastructure/http/handler/response.go:9.59,13.2 3 1
github.com/paladignus/actajus/internal/infrastructure/http/handler/response.go:15.78,19.2 3 1
github.com/paladignus/actajus/internal/infrastructure/http/handler/response.go:21.74,23.2 1 1
github.com/paladignus/actajus/internal/domain/value_object/cpf.go:12.29,14.2 1 1
github.com/paladignus/actajus/internal/domain/value_object/cpf.go:16.34,18.2 1 1
github.com/paladignus/actajus/internal/domain/value_object/cpf.go:20.29,22.32 2 1
github.com/paladignus/actajus/internal/domain/value_object/cpf.go:22.32,24.3 1 1
github.com/paladignus/actajus/internal/domain/value_object/cpf.go:25.2,26.25 2 1
github.com/paladignus/actajus/internal/domain/value_object/cpf.go:26.25,28.3 1 1
github.com/paladignus/actajus/internal/domain/value_object/cpf.go:29.2,31.61 3 1
github.com/paladignus/actajus/internal/domain/value_object/cpf.go:31.61,33.3 1 1
github.com/paladignus/actajus/internal/domain/value_object/cpf.go:34.2,34.13 1 1
github.com/paladignus/actajus/internal/domain/value_object/cpf.go:37.31,39.27 2 1
github.com/paladignus/actajus/internal/domain/value_object/cpf.go:39.27,40.28 1 1
github.com/paladignus/actajus/internal/domain/value_object/cpf.go:40.28,42.4 1 1
github.com/paladignus/actajus/internal/domain/value_object/cpf.go:44.2,44.25 1 1
github.com/paladignus/actajus/internal/domain/value_object/cpf.go:47.38,48.32 1 1
github.com/paladignus/actajus/internal/domain/value_object/cpf.go:48.32,49.23 1 1
github.com/paladignus/actajus/internal/domain/value_object/cpf.go:49.23,51.4 1 1
github.com/paladignus/actajus/internal/domain/value_object/cpf.go:53.2,53.13 1 1
github.com/paladignus/actajus/internal/domain/value_object/cpf.go:56.49,58.27 2 1
github.com/paladignus/actajus/internal/domain/value_object/cpf.go:58.27,62.3 3 1
github.com/paladignus/actajus/internal/domain/value_object/cpf.go:63.2,64.19 2 1
github.com/paladignus/actajus/internal/domain/value_object/cpf.go:64.19,66.3 1 1
github.com/paladignus/actajus/internal/domain/value_object/cpf.go:67.2,67.23 1 1
github.com/paladignus/actajus/internal/domain/value_object/date.go:8.30,10.2 1 1
github.com/paladignus/actajus/internal/domain/value_object/date.go:12.30,15.2 2 1
github.com/paladignus/actajus/internal/domain/value_object/email.go:8.31,10.2 1 1
github.com/paladignus/actajus/internal/domain/value_object/email.go:12.31,14.2 1 1
github.com/paladignus/actajus/internal/domain/value_object/email.go:16.41,18.2 1 1
github.com/paladignus/actajus/internal/domain/value_object/email.go:20.31,24.2 3 1
github.com/paladignus/actajus/internal/domain/value_object/file.go:8.30,10.2 1 1
github.com/paladignus/actajus/internal/domain/value_object/file.go:12.30,15.2 2 1
github.com/paladignus/actajus/internal/domain/value_object/password.go:8.34,10.2 1 1
github.com/paladignus/actajus/internal/domain/value_object/password.go:12.34,14.2 1 1
github.com/paladignus/actajus/internal/domain/value_object/password.go:16.34,27.2 5 1
github.com/paladignus/actajus/internal/domain/value_object/text.go:8.30,10.2 1 1
github.com/paladignus/actajus/internal/domain/value_object/text.go:12.30,15.2 2 1
github.com/paladignus/actajus/internal/infrastructure/adapter/jwt.go:34.59,36.2 1 1
github.com/paladignus/actajus/internal/infrastructure/adapter/jwt.go:38.77,45.16 2 1
github.com/paladignus/actajus/internal/infrastructure/adapter/jwt.go:45.16,47.3 1 0
github.com/paladignus/actajus/internal/infrastructure/adapter/jwt.go:48.2,54.16 2 1
github.com/paladignus/actajus/internal/infrastructure/adapter/jwt.go:54.16,56.3 1 0
github.com/paladignus/actajus/internal/infrastructure/adapter/jwt.go:57.2,60.8 1 1
github.com/paladignus/actajus/internal/infrastructure/adapter/jwt.go:63.110,78.2 5 1
github.com/paladignus/actajus/internal/infrastructure/adapter/jwt.go:80.86,82.2 1 1
github.com/paladignus/actajus/internal/infrastructure/adapter/jwt.go:84.87,86.2 1 1
github.com/paladignus/actajus/internal/infrastructure/adapter/jwt.go:88.102,89.98 1 1
github.com/paladignus/actajus/internal/infrastructure/adapter/jwt.go:89.98,90.54 1 1
github.com/paladignus/actajus/internal/infrastructure/adapter/jwt.go:90.54,92.4 1 0
github.com/paladignus/actajus/internal/infrastructure/adapter/jwt.go:93.3,93.29 1 1
github.com/paladignus/actajus/internal/infrastructure/adapter/jwt.go:95.2,95.16 1 1
github.com/paladignus/actajus/internal/infrastructure/adapter/jwt.go:95.16,96.42 1 1
github.com/paladignus/actajus/internal/infrastructure/adapter/jwt.go:96.42,98.4 1 1
github.com/paladignus/actajus/internal/infrastructure/adapter/jwt.go:99.3,99.44 1 1
github.com/paladignus/actajus/internal/infrastructure/adapter/jwt.go:101.2,102.25 2 1
github.com/paladignus/actajus/internal/infrastructure/adapter/jwt.go:102.25,104.3 1 0
github.com/paladignus/actajus/internal/infrastructure/adapter/jwt.go:105.2,105.38 1 1
github.com/paladignus/actajus/internal/infrastructure/adapter/jwt.go:105.38,107.3 1 1
github.com/paladignus/actajus/internal/infrastructure/adapter/jwt.go:108.2,111.8 1 1
github.com/paladignus/actajus/internal/infrastructure/adapter/jwt.go:114.84,116.16 2 1
github.com/paladignus/actajus/internal/infrastructure/adapter/jwt.go:116.16,118.3 1 1
github.com/paladignus/actajus/internal/infrastructure/adapter/jwt.go:119.2,119.43 1 1
github.com/paladignus/actajus/internal/infrastructure/adapter/jwt.go:122.42,126.2 3 1
github.com/paladignus/actajus/internal/infrastructure/adapter/logger.go:32.49,34.22 2 1
github.com/paladignus/actajus/internal/infrastructure/adapter/logger.go:35.18,36.26 1 1
github.com/paladignus/actajus/internal/infrastructure/adapter/logger.go:37.17,38.25 1 1
github.com/paladignus/actajus/internal/infrastructure/adapter/logger.go:39.17,40.25 1 1
github.com/paladignus/actajus/internal/infrastructure/adapter/logger.go:41.18,42.26 1 1
github.com/paladignus/actajus/internal/infrastructure/adapter/logger.go:43.10,44.25 1 1
github.com/paladignus/actajus/internal/infrastructure/adapter/logger.go:47.2,55.23 4 1
github.com/paladignus/actajus/internal/infrastructure/adapter/logger.go:56.16,57.21 1 1
github.com/paladignus/actajus/internal/infrastructure/adapter/logger.go:58.10,59.21 1 1
github.com/paladignus/actajus/internal/infrastructure/adapter/logger.go:62.2,62.23 1 1
github.com/paladignus/actajus/internal/infrastructure/adapter/logger.go:63.14,64.46 1 1
github.com/paladignus/actajus/internal/infrastructure/adapter/logger.go:65.10,66.46 1 1
github.com/paladignus/actajus/internal/infrastructure/adapter/logger.go:69.2,71.3 1 1
github.com/paladignus/actajus/internal/infrastructure/adapter/logger.go:74.43,81.2 1 1
github.com/paladignus/actajus/internal/infrastructure/adapter/logger.go:83.75,85.2 1 1
github.com/paladignus/actajus/internal/infrastructure/adapter/logger.go:87.74,89.2 1 1
github.com/paladignus/actajus/internal/infrastructure/adapter/logger.go:91.74,93.2 1 1
github.com/paladignus/actajus/internal/infrastructure/adapter/logger.go:95.75,97.2 1 1
github.com/paladignus/actajus/internal/infrastructure/adapter/logger.go:99.59,103.2 1 1
github.com/paladignus/actajus/internal/infrastructure/adapter/logger.go:105.62,109.2 1 1
github.com/paladignus/actajus/internal/infrastructure/adapter/redis.go:17.80,19.2 1 1
github.com/paladignus/actajus/internal/infrastructure/adapter/redis.go:21.69,23.2 1 1
github.com/paladignus/actajus/internal/infrastructure/adapter/redis.go:25.53,27.2 1 1
github.com/paladignus/actajus/internal/infrastructure/adapter/redis.go:29.55,31.2 1 1
github.com/paladignus/actajus/internal/infrastructure/adapter/redis.go:33.46,35.2 1 1
github.com/paladignus/actajus/internal/infrastructure/config/config.go:38.20,61.2 1 1
github.com/paladignus/actajus/internal/infrastructure/config/config.go:63.46,64.42 1 1
github.com/paladignus/actajus/internal/infrastructure/config/config.go:64.42,66.3 1 1
github.com/paladignus/actajus/internal/infrastructure/config/config.go:70.2,70.21 1 1
github.com/paladignus/actajus/internal/infrastructure/config/config.go:73.52,74.42 1 1
github.com/paladignus/actajus/internal/infrastructure/config/config.go:74.42,75.55 1 1
github.com/paladignus/actajus/internal/infrastructure/config/config.go:75.55,77.4 1 1
github.com/paladignus/actajus/internal/infrastructure/config/config.go:79.2,79.21 1 1
github.com/paladignus/actajus/internal/infrastructure/controller/authenticate.go:15.65,17.2 1 0
github.com/paladignus/actajus/internal/infrastructure/controller/authenticate.go:19.118,21.2 1 0
github.com/paladignus/actajus/internal/infrastructure/persistence/account.go:18.42,20.2 1 1
github.com/paladignus/actajus/internal/infrastructure/persistence/account.go:22.122,36.17 3 1
github.com/paladignus/actajus/internal/infrastructure/persistence/account.go:36.17,37.36 1 1
github.com/paladignus/actajus/internal/infrastructure/persistence/account.go:37.36,39.4 1 1
github.com/paladignus/actajus/internal/infrastructure/persistence/account.go:40.3,40.39 1 1
github.com/paladignus/actajus/internal/infrastructure/persistence/account.go:42.2,43.16 2 1
github.com/paladignus/actajus/internal/infrastructure/persistence/account.go:43.16,45.3 1 1
github.com/paladignus/actajus/internal/infrastructure/persistence/account.go:46.2,47.27 2 1
github.com/paladignus/actajus/internal/infrastructure/persistence/account.go:50.95,57.25 3 1
github.com/paladignus/actajus/internal/infrastructure/persistence/account.go:57.25,59.3 1 1
github.com/paladignus/actajus/internal/infrastructure/persistence/account.go:60.2,60.9 1 1
github.com/paladignus/actajus/internal/infrastructure/persistence/account.go:60.9,62.3 1 1
github.com/paladignus/actajus/internal/infrastructure/persistence/account.go:63.2,63.12 1 1
github.com/paladignus/actajus/internal/infrastructure/persistence/account.go:66.105,71.16 3 1
github.com/paladignus/actajus/internal/infrastructure/persistence/account.go:71.16,73.3 1 1
github.com/paladignus/actajus/internal/infrastructure/persistence/account.go:74.2,75.18 2 1
github.com/paladignus/actajus/internal/infrastructure/persistence/account.go:75.18,77.42 2 1
github.com/paladignus/actajus/internal/infrastructure/persistence/account.go:77.42,79.4 1 1
github.com/paladignus/actajus/internal/infrastructure/persistence/account.go:80.3,80.30 1 1
github.com/paladignus/actajus/internal/infrastructure/persistence/account.go:82.2,82.19 1 1
github.com/paladignus/actajus/internal/infrastructure/persistence/account.go:85.116,90.16 3 1
github.com/paladignus/actajus/internal/infrastructure/persistence/account.go:90.16,92.3 1 1
github.com/paladignus/actajus/internal/infrastructure/persistence/account.go:93.2,94.18 2 1
github.com/paladignus/actajus/internal/infrastructure/persistence/account.go:94.18,96.77 2 1
github.com/paladignus/actajus/internal/infrastructure/persistence/account.go:96.77,98.4 1 1
github.com/paladignus/actajus/internal/infrastructure/persistence/account.go:99.3,99.48 1 1
github.com/paladignus/actajus/internal/infrastructure/persistence/account.go:101.2,101.25 1 1
github.com/paladignus/actajus/internal/infrastructure/persistence/persistence.go:12.50,14.2 1 1
github.com/paladignus/actajus/internal/infrastructure/persistence/persistence.go:16.40,18.2 1 1
github.com/paladignus/actajus/internal/infrastructure/persistence/token.go:18.74,21.14 3 1
github.com/paladignus/actajus/internal/infrastructure/persistence/token.go:21.14,23.3 1 1
github.com/paladignus/actajus/internal/infrastructure/persistence/token.go:24.2,24.56 1 1
github.com/paladignus/actajus/internal/infrastructure/persistence/token.go:24.56,26.3 1 1
github.com/paladignus/actajus/internal/infrastructure/persistence/token.go:27.2,27.12 1 1
github.com/paladignus/actajus/internal/infrastructure/persistence/token.go:30.59,33.16 3 1
github.com/paladignus/actajus/internal/infrastructure/persistence/token.go:33.16,35.3 1 1
github.com/paladignus/actajus/internal/infrastructure/persistence/token.go:36.2,36.24 1 1
github.com/paladignus/actajus/internal/infrastructure/database/postgres.go:26.108,30.16 3 1
github.com/paladignus/actajus/internal/infrastructure/database/postgres.go:30.16,32.3 1 1
github.com/paladignus/actajus/internal/infrastructure/database/postgres.go:33.2,36.16 4 1
github.com/paladignus/actajus/internal/infrastructure/database/postgres.go:36.16,38.3 1 0
github.com/paladignus/actajus/internal/infrastructure/database/postgres.go:39.2,39.39 1 1
github.com/paladignus/actajus/internal/infrastructure/database/postgres.go:39.39,41.3 1 1
github.com/paladignus/actajus/internal/infrastructure/database/postgres.go:42.2,43.29 2 1
github.com/paladignus/actajus/internal/infrastructure/database/postgres.go:46.68,47.20 1 1
github.com/paladignus/actajus/internal/infrastructure/database/postgres.go:47.20,50.3 2 1
github.com/paladignus/actajus/internal/infrastructure/http/middleware/cors.go:6.49,8.71 1 0
github.com/paladignus/actajus/internal/infrastructure/http/middleware/cors.go:8.71,12.28 4 0
github.com/paladignus/actajus/internal/infrastructure/http/middleware/cors.go:12.28,15.4 2 0
github.com/paladignus/actajus/internal/infrastructure/http/middleware/cors.go:16.3,16.23 1 0
github.com/paladignus/actajus/internal/infrastructure/http/middleware/logger.go:17.55,20.2 2 0
github.com/paladignus/actajus/internal/infrastructure/http/middleware/logger.go:22.56,26.2 3 0
github.com/paladignus/actajus/internal/infrastructure/http/middleware/logger.go:28.81,29.46 1 0
github.com/paladignus/actajus/internal/infrastructure/http/middleware/logger.go:29.46,30.72 1 0
github.com/paladignus/actajus/internal/infrastructure/http/middleware/logger.go:30.72,46.51 6 0
github.com/paladignus/actajus/internal/infrastructure/http/middleware/logger.go:46.51,48.5 1 0
github.com/paladignus/actajus/internal/infrastructure/http/middleware/logger.go:48.10,48.35 1 0
github.com/paladignus/actajus/internal/infrastructure/http/middleware/logger.go:48.35,50.5 1 0
github.com/paladignus/actajus/internal/infrastructure/http/middleware/logger.go:51.4,57.5 1 0
