mode: set
github.com/paladignus/actajus/internal/infrastructure/http/middleware/cors.go:6.49,7.71 1 1
github.com/paladignus/actajus/internal/infrastructure/http/middleware/cors.go:7.71,11.28 4 1
github.com/paladignus/actajus/internal/infrastructure/http/middleware/cors.go:11.28,14.4 2 1
github.com/paladignus/actajus/internal/infrastructure/http/middleware/cors.go:15.3,15.23 1 1
github.com/paladignus/actajus/internal/infrastructure/http/middleware/logger.go:17.55,20.2 2 1
github.com/paladignus/actajus/internal/infrastructure/http/middleware/logger.go:22.56,26.2 3 1
github.com/paladignus/actajus/internal/infrastructure/http/middleware/logger.go:28.81,29.46 1 1
github.com/paladignus/actajus/internal/infrastructure/http/middleware/logger.go:29.46,30.72 1 1
github.com/paladignus/actajus/internal/infrastructure/http/middleware/logger.go:30.72,44.51 6 1
github.com/paladignus/actajus/internal/infrastructure/http/middleware/logger.go:44.51,46.5 1 1
github.com/paladignus/actajus/internal/infrastructure/http/middleware/logger.go:46.10,46.35 1 1
github.com/paladignus/actajus/internal/infrastructure/http/middleware/logger.go:46.35,48.5 1 1
github.com/paladignus/actajus/internal/infrastructure/http/middleware/logger.go:49.4,55.5 1 1
github.com/paladignus/actajus/internal/infrastructure/http/handler/errors.go:16.59,17.9 1 1
github.com/paladignus/actajus/internal/infrastructure/http/handler/errors.go:18.49,22.4 1 1
github.com/paladignus/actajus/internal/infrastructure/http/handler/errors.go:23.55,27.4 1 1
github.com/paladignus/actajus/internal/infrastructure/http/handler/errors.go:28.54,32.4 1 1
github.com/paladignus/actajus/internal/infrastructure/http/handler/errors.go:33.49,37.4 1 1
github.com/paladignus/actajus/internal/infrastructure/http/handler/errors.go:38.47,42.4 1 1
github.com/paladignus/actajus/internal/infrastructure/http/handler/errors.go:43.49,47.4 1 1
github.com/paladignus/actajus/internal/infrastructure/http/handler/errors.go:48.50,52.4 1 1
github.com/paladignus/actajus/internal/infrastructure/http/handler/errors.go:53.55,57.4 1 1
github.com/paladignus/actajus/internal/infrastructure/http/handler/errors.go:58.52,62.4 1 1
github.com/paladignus/actajus/internal/infrastructure/http/handler/errors.go:63.49,67.4 1 1
github.com/paladignus/actajus/internal/infrastructure/http/handler/errors.go:68.10,72.4 1 1
github.com/paladignus/actajus/internal/infrastructure/http/handler/get_email_by_cpf.go:17.94,19.2 1 1
github.com/paladignus/actajus/internal/infrastructure/http/handler/get_email_by_cpf.go:21.78,23.16 2 1
github.com/paladignus/actajus/internal/infrastructure/http/handler/get_email_by_cpf.go:23.16,27.3 3 1
github.com/paladignus/actajus/internal/infrastructure/http/handler/get_email_by_cpf.go:28.2,29.16 2 1
github.com/paladignus/actajus/internal/infrastructure/http/handler/get_email_by_cpf.go:29.16,31.24 2 1
github.com/paladignus/actajus/internal/infrastructure/http/handler/get_email_by_cpf.go:31.24,33.4 1 1
github.com/paladignus/actajus/internal/infrastructure/http/handler/get_email_by_cpf.go:33.9,35.4 1 1
github.com/paladignus/actajus/internal/infrastructure/http/handler/get_email_by_cpf.go:36.3,37.9 2 1
github.com/paladignus/actajus/internal/infrastructure/http/handler/get_email_by_cpf.go:39.2,40.37 2 1
github.com/paladignus/actajus/internal/infrastructure/http/handler/renew_password.go:20.17,25.2 1 1
github.com/paladignus/actajus/internal/infrastructure/http/handler/renew_password.go:27.79,29.16 2 1
github.com/paladignus/actajus/internal/infrastructure/http/handler/renew_password.go:29.16,33.3 3 1
github.com/paladignus/actajus/internal/infrastructure/http/handler/renew_password.go:34.2,35.16 2 1
github.com/paladignus/actajus/internal/infrastructure/http/handler/renew_password.go:35.16,37.24 2 1
github.com/paladignus/actajus/internal/infrastructure/http/handler/renew_password.go:37.24,39.4 1 1
github.com/paladignus/actajus/internal/infrastructure/http/handler/renew_password.go:39.9,41.4 1 1
github.com/paladignus/actajus/internal/infrastructure/http/handler/renew_password.go:42.3,43.9 2 1
github.com/paladignus/actajus/internal/infrastructure/http/handler/renew_password.go:45.2,45.74 1 1
github.com/paladignus/actajus/internal/infrastructure/http/handler/request_password_reset.go:21.24,26.2 1 1
github.com/paladignus/actajus/internal/infrastructure/http/handler/request_password_reset.go:28.93,32.16 4 1
github.com/paladignus/actajus/internal/infrastructure/http/handler/request_password_reset.go:32.16,36.3 3 1
github.com/paladignus/actajus/internal/infrastructure/http/handler/request_password_reset.go:37.2,38.16 2 1
github.com/paladignus/actajus/internal/infrastructure/http/handler/request_password_reset.go:38.16,40.24 2 1
github.com/paladignus/actajus/internal/infrastructure/http/handler/request_password_reset.go:40.24,42.4 1 1
github.com/paladignus/actajus/internal/infrastructure/http/handler/request_password_reset.go:42.9,44.4 1 1
github.com/paladignus/actajus/internal/infrastructure/http/handler/request_password_reset.go:45.3,46.9 2 1
github.com/paladignus/actajus/internal/infrastructure/http/handler/request_password_reset.go:48.2,48.111 1 1
github.com/paladignus/actajus/internal/infrastructure/http/handler/response.go:9.59,13.2 3 1
github.com/paladignus/actajus/internal/infrastructure/http/handler/response.go:15.78,19.2 3 1
github.com/paladignus/actajus/internal/infrastructure/http/handler/response.go:21.74,23.2 1 1
github.com/paladignus/actajus/internal/infrastructure/http/handler/signin.go:17.73,19.2 1 1
github.com/paladignus/actajus/internal/infrastructure/http/handler/signin.go:21.64,23.16 2 1
github.com/paladignus/actajus/internal/infrastructure/http/handler/signin.go:23.16,27.3 3 1
github.com/paladignus/actajus/internal/infrastructure/http/handler/signin.go:28.2,29.16 2 1
github.com/paladignus/actajus/internal/infrastructure/http/handler/signin.go:29.16,31.24 2 1
github.com/paladignus/actajus/internal/infrastructure/http/handler/signin.go:31.24,33.4 1 1
github.com/paladignus/actajus/internal/infrastructure/http/handler/signin.go:33.9,35.4 1 1
github.com/paladignus/actajus/internal/infrastructure/http/handler/signin.go:36.3,37.9 2 1
github.com/paladignus/actajus/internal/infrastructure/http/handler/signin.go:39.2,40.37 2 1
