mode: set
/home/marcelo/Workspace/go/projects/actajus/internal/domain/value_object/cpf.go:12.29,14.2 1 1
/home/marcelo/Workspace/go/projects/actajus/internal/domain/value_object/cpf.go:16.29,18.32 2 1
/home/marcelo/Workspace/go/projects/actajus/internal/domain/value_object/cpf.go:18.32,20.3 1 1
/home/marcelo/Workspace/go/projects/actajus/internal/domain/value_object/cpf.go:21.2,22.25 2 1
/home/marcelo/Workspace/go/projects/actajus/internal/domain/value_object/cpf.go:22.25,24.3 1 1
/home/marcelo/Workspace/go/projects/actajus/internal/domain/value_object/cpf.go:25.2,27.61 3 1
/home/marcelo/Workspace/go/projects/actajus/internal/domain/value_object/cpf.go:27.61,29.3 1 1
/home/marcelo/Workspace/go/projects/actajus/internal/domain/value_object/cpf.go:30.2,30.13 1 1
/home/marcelo/Workspace/go/projects/actajus/internal/domain/value_object/cpf.go:33.31,35.27 2 1
/home/marcelo/Workspace/go/projects/actajus/internal/domain/value_object/cpf.go:35.27,36.28 1 1
/home/marcelo/Workspace/go/projects/actajus/internal/domain/value_object/cpf.go:36.28,38.4 1 1
/home/marcelo/Workspace/go/projects/actajus/internal/domain/value_object/cpf.go:40.2,40.25 1 1
/home/marcelo/Workspace/go/projects/actajus/internal/domain/value_object/cpf.go:43.38,44.32 1 1
/home/marcelo/Workspace/go/projects/actajus/internal/domain/value_object/cpf.go:44.32,45.23 1 1
/home/marcelo/Workspace/go/projects/actajus/internal/domain/value_object/cpf.go:45.23,47.4 1 1
/home/marcelo/Workspace/go/projects/actajus/internal/domain/value_object/cpf.go:49.2,49.13 1 1
/home/marcelo/Workspace/go/projects/actajus/internal/domain/value_object/cpf.go:52.49,54.27 2 1
/home/marcelo/Workspace/go/projects/actajus/internal/domain/value_object/cpf.go:54.27,58.3 3 1
/home/marcelo/Workspace/go/projects/actajus/internal/domain/value_object/cpf.go:59.2,60.19 2 1
/home/marcelo/Workspace/go/projects/actajus/internal/domain/value_object/cpf.go:60.19,62.3 1 1
/home/marcelo/Workspace/go/projects/actajus/internal/domain/value_object/cpf.go:63.2,63.23 1 1
/home/marcelo/Workspace/go/projects/actajus/internal/domain/value_object/date.go:8.30,10.2 1 1
/home/marcelo/Workspace/go/projects/actajus/internal/domain/value_object/date.go:12.30,15.2 2 1
/home/marcelo/Workspace/go/projects/actajus/internal/domain/value_object/email.go:7.31,9.2 1 1
/home/marcelo/Workspace/go/projects/actajus/internal/domain/value_object/email.go:11.31,13.2 1 1
/home/marcelo/Workspace/go/projects/actajus/internal/domain/value_object/email.go:15.41,17.2 1 1
/home/marcelo/Workspace/go/projects/actajus/internal/domain/value_object/email.go:19.31,23.2 3 1
/home/marcelo/Workspace/go/projects/actajus/internal/domain/value_object/password.go:8.34,10.2 1 1
/home/marcelo/Workspace/go/projects/actajus/internal/domain/value_object/password.go:12.34,14.2 1 1
/home/marcelo/Workspace/go/projects/actajus/internal/domain/value_object/password.go:16.34,27.2 5 1
