mode: set
/home/marcelo/Workspace/go/projects/actajus/internal/infrastructure/persistence/postgres/password_reset_token.go:19.64,21.2 1 1
/home/marcelo/Workspace/go/projects/actajus/internal/infrastructure/persistence/postgres/password_reset_token.go:23.102,26.16 3 1
/home/marcelo/Workspace/go/projects/actajus/internal/infrastructure/persistence/postgres/password_reset_token.go:26.16,28.3 1 0
/home/marcelo/Workspace/go/projects/actajus/internal/infrastructure/persistence/postgres/password_reset_token.go:29.2,29.12 1 1
/home/marcelo/Workspace/go/projects/actajus/internal/infrastructure/persistence/postgres/password_reset_token.go:32.118,48.27 2 0
/home/marcelo/Workspace/go/projects/actajus/internal/infrastructure/persistence/postgres/password_reset_token.go:48.27,49.36 1 0
/home/marcelo/Workspace/go/projects/actajus/internal/infrastructure/persistence/postgres/password_reset_token.go:49.36,51.4 1 0
/home/marcelo/Workspace/go/projects/actajus/internal/infrastructure/persistence/postgres/password_reset_token.go:52.3,52.81 1 0
/home/marcelo/Workspace/go/projects/actajus/internal/infrastructure/persistence/postgres/password_reset_token.go:54.2,54.16 1 0
/home/marcelo/Workspace/go/projects/actajus/internal/infrastructure/persistence/postgres/password_reset_token.go:57.81,60.16 3 0
/home/marcelo/Workspace/go/projects/actajus/internal/infrastructure/persistence/postgres/password_reset_token.go:60.16,62.3 1 0
/home/marcelo/Workspace/go/projects/actajus/internal/infrastructure/persistence/postgres/password_reset_token.go:63.2,63.32 1 0
/home/marcelo/Workspace/go/projects/actajus/internal/infrastructure/persistence/postgres/password_reset_token.go:63.32,65.3 1 0
/home/marcelo/Workspace/go/projects/actajus/internal/infrastructure/persistence/postgres/password_reset_token.go:66.2,66.12 1 0
/home/marcelo/Workspace/go/projects/actajus/internal/infrastructure/persistence/postgres/password_reset_token.go:69.89,72.16 3 0
/home/marcelo/Workspace/go/projects/actajus/internal/infrastructure/persistence/postgres/password_reset_token.go:72.16,74.3 1 0
/home/marcelo/Workspace/go/projects/actajus/internal/infrastructure/persistence/postgres/password_reset_token.go:75.2,75.12 1 0
