mode: set
github.com/paladignus/actajus/internal/domain/event/event.go:21.35,23.2 1 1
github.com/paladignus/actajus/internal/domain/event/event.go:25.39,27.2 1 1
github.com/paladignus/actajus/internal/domain/event/event.go:29.38,31.2 1 1
github.com/paladignus/actajus/internal/domain/event/event.go:33.37,35.2 1 1
github.com/paladignus/actajus/internal/domain/event/event.go:37.56,44.2 1 1
github.com/paladignus/actajus/internal/domain/event/recovered_password.go:14.31,24.2 1 1
github.com/paladignus/actajus/internal/domain/event/registry.go:18.30,22.2 1 1
github.com/paladignus/actajus/internal/domain/event/registry.go:24.69,28.49 3 1
github.com/paladignus/actajus/internal/domain/event/registry.go:28.49,30.3 1 1
github.com/paladignus/actajus/internal/domain/event/registry.go:32.2,32.34 1 1
github.com/paladignus/actajus/internal/domain/event/registry.go:35.59,41.55 4 1
github.com/paladignus/actajus/internal/domain/event/registry.go:41.55,43.3 1 1
github.com/paladignus/actajus/internal/domain/event/registry.go:44.2,44.24 1 1
github.com/paladignus/actajus/internal/domain/event/registry.go:44.24,46.3 1 1
github.com/paladignus/actajus/internal/domain/event/registry.go:47.2,48.13 2 1
github.com/paladignus/actajus/internal/domain/event/registry.go:48.13,50.3 1 1
github.com/paladignus/actajus/internal/domain/event/registry.go:51.2,52.50 2 1
github.com/paladignus/actajus/internal/domain/event/registry.go:52.50,54.3 1 1
github.com/paladignus/actajus/internal/domain/event/registry.go:55.2,55.17 1 1
github.com/paladignus/actajus/internal/domain/event/registry.go:58.56,63.2 4 1
github.com/paladignus/actajus/internal/domain/event/registry.go:65.48,69.32 4 1
github.com/paladignus/actajus/internal/domain/event/registry.go:69.32,71.3 1 1
github.com/paladignus/actajus/internal/domain/event/registry.go:72.2,72.15 1 1
github.com/paladignus/actajus/internal/domain/event/registry.go:75.28,79.2 3 1
github.com/paladignus/actajus/internal/domain/event/registry.go:81.38,82.67 1 1
github.com/paladignus/actajus/internal/domain/event/registry.go:82.67,84.3 1 1
github.com/paladignus/actajus/internal/domain/entity/password_reset_token.go:17.73,25.2 2 1
github.com/paladignus/actajus/internal/domain/entity/password_reset_token.go:27.46,29.2 1 1
github.com/paladignus/actajus/internal/domain/entity/password_reset_token.go:31.43,33.2 1 1
github.com/paladignus/actajus/internal/domain/entity/password_reset_token.go:35.44,37.2 1 1
github.com/paladignus/actajus/internal/domain/entity/person.go:26.56,35.28 2 1
github.com/paladignus/actajus/internal/domain/entity/person.go:35.28,37.3 1 1
github.com/paladignus/actajus/internal/domain/entity/person.go:38.2,38.27 1 1
github.com/paladignus/actajus/internal/domain/entity/person.go:38.27,40.3 1 1
github.com/paladignus/actajus/internal/domain/entity/person.go:41.2,41.28 1 1
github.com/paladignus/actajus/internal/domain/entity/person.go:41.28,43.3 1 1
github.com/paladignus/actajus/internal/domain/entity/person.go:44.2,44.25 1 1
github.com/paladignus/actajus/internal/domain/entity/person.go:44.25,46.3 1 1
github.com/paladignus/actajus/internal/domain/entity/person.go:47.2,47.25 1 1
github.com/paladignus/actajus/internal/domain/entity/person.go:47.25,49.3 1 1
github.com/paladignus/actajus/internal/domain/entity/person.go:50.2,50.25 1 1
github.com/paladignus/actajus/internal/domain/entity/person.go:50.25,52.3 1 1
github.com/paladignus/actajus/internal/domain/entity/person.go:53.2,53.15 1 1
github.com/paladignus/actajus/internal/domain/entity/user.go:22.48,28.27 2 1
github.com/paladignus/actajus/internal/domain/entity/user.go:28.27,30.3 1 1
github.com/paladignus/actajus/internal/domain/entity/user.go:31.2,31.25 1 1
github.com/paladignus/actajus/internal/domain/entity/user.go:31.25,33.3 1 1
github.com/paladignus/actajus/internal/domain/entity/user.go:34.2,35.56 2 1
github.com/paladignus/actajus/internal/domain/entity/user.go:35.56,37.3 1 1
github.com/paladignus/actajus/internal/domain/entity/user.go:38.2,38.15 1 1
github.com/paladignus/actajus/internal/domain/entity/user.go:41.32,43.2 1 1
github.com/paladignus/actajus/internal/domain/value_object/cpf.go:12.29,14.2 1 1
github.com/paladignus/actajus/internal/domain/value_object/cpf.go:16.34,18.2 1 1
github.com/paladignus/actajus/internal/domain/value_object/cpf.go:20.29,22.32 2 1
github.com/paladignus/actajus/internal/domain/value_object/cpf.go:22.32,24.3 1 1
github.com/paladignus/actajus/internal/domain/value_object/cpf.go:25.2,26.25 2 1
github.com/paladignus/actajus/internal/domain/value_object/cpf.go:26.25,28.3 1 1
github.com/paladignus/actajus/internal/domain/value_object/cpf.go:29.2,31.61 3 1
github.com/paladignus/actajus/internal/domain/value_object/cpf.go:31.61,33.3 1 1
github.com/paladignus/actajus/internal/domain/value_object/cpf.go:34.2,34.13 1 1
github.com/paladignus/actajus/internal/domain/value_object/cpf.go:37.31,39.27 2 1
github.com/paladignus/actajus/internal/domain/value_object/cpf.go:39.27,40.28 1 1
github.com/paladignus/actajus/internal/domain/value_object/cpf.go:40.28,42.4 1 1
github.com/paladignus/actajus/internal/domain/value_object/cpf.go:44.2,44.25 1 1
github.com/paladignus/actajus/internal/domain/value_object/cpf.go:47.38,48.32 1 1
github.com/paladignus/actajus/internal/domain/value_object/cpf.go:48.32,49.23 1 1
github.com/paladignus/actajus/internal/domain/value_object/cpf.go:49.23,51.4 1 1
github.com/paladignus/actajus/internal/domain/value_object/cpf.go:53.2,53.13 1 1
github.com/paladignus/actajus/internal/domain/value_object/cpf.go:56.49,58.27 2 1
github.com/paladignus/actajus/internal/domain/value_object/cpf.go:58.27,62.3 3 1
github.com/paladignus/actajus/internal/domain/value_object/cpf.go:63.2,64.19 2 1
github.com/paladignus/actajus/internal/domain/value_object/cpf.go:64.19,66.3 1 1
github.com/paladignus/actajus/internal/domain/value_object/cpf.go:67.2,67.23 1 1
github.com/paladignus/actajus/internal/domain/value_object/date.go:8.30,10.2 1 1
github.com/paladignus/actajus/internal/domain/value_object/date.go:12.30,15.2 2 1
github.com/paladignus/actajus/internal/domain/value_object/email.go:8.31,10.2 1 1
github.com/paladignus/actajus/internal/domain/value_object/email.go:12.31,14.2 1 1
github.com/paladignus/actajus/internal/domain/value_object/email.go:16.41,18.2 1 1
github.com/paladignus/actajus/internal/domain/value_object/email.go:20.31,24.2 3 1
github.com/paladignus/actajus/internal/domain/value_object/file.go:8.30,10.2 1 1
github.com/paladignus/actajus/internal/domain/value_object/file.go:12.30,15.2 2 1
github.com/paladignus/actajus/internal/domain/value_object/password.go:8.34,10.2 1 1
github.com/paladignus/actajus/internal/domain/value_object/password.go:12.34,14.2 1 1
github.com/paladignus/actajus/internal/domain/value_object/password.go:16.34,27.2 5 1
github.com/paladignus/actajus/internal/domain/value_object/text.go:8.30,10.2 1 1
github.com/paladignus/actajus/internal/domain/value_object/text.go:12.30,15.2 2 1
