mode: set
github.com/paladignus/actajus/internal/infrastructure/config/config.go:77.20,134.2 1 1
github.com/paladignus/actajus/internal/infrastructure/config/config.go:136.46,137.42 1 1
github.com/paladignus/actajus/internal/infrastructure/config/config.go:137.42,139.3 1 1
github.com/paladignus/actajus/internal/infrastructure/config/config.go:140.2,140.21 1 1
github.com/paladignus/actajus/internal/infrastructure/config/config.go:143.52,144.42 1 1
github.com/paladignus/actajus/internal/infrastructure/config/config.go:144.42,145.55 1 1
github.com/paladignus/actajus/internal/infrastructure/config/config.go:145.55,147.4 1 1
github.com/paladignus/actajus/internal/infrastructure/config/config.go:149.2,149.21 1 1
github.com/paladignus/actajus/internal/infrastructure/config/config.go:152.55,153.42 1 1
github.com/paladignus/actajus/internal/infrastructure/config/config.go:153.42,154.61 1 0
github.com/paladignus/actajus/internal/infrastructure/config/config.go:154.61,156.4 1 0
github.com/paladignus/actajus/internal/infrastructure/config/config.go:158.2,158.21 1 1
