mode: set
/home/marcelo/Workspace/go/projects/actajus/internal/infrastructure/messaging/recover_password.go:21.19,25.2 1 1
/home/marcelo/Workspace/go/projects/actajus/internal/infrastructure/messaging/recover_password.go:30.9,32.9 2 1
/home/marcelo/Workspace/go/projects/actajus/internal/infrastructure/messaging/recover_password.go:32.9,35.3 2 1
/home/marcelo/Workspace/go/projects/actajus/internal/infrastructure/messaging/recover_password.go:36.2,38.16 3 1
/home/marcelo/Workspace/go/projects/actajus/internal/infrastructure/messaging/recover_password.go:38.16,41.3 2 1
/home/marcelo/Workspace/go/projects/actajus/internal/infrastructure/messaging/recover_password.go:42.2,43.12 2 1
/home/marcelo/Workspace/go/projects/actajus/internal/infrastructure/messaging/recover_password.go:46.59,48.2 1 1
/home/marcelo/Workspace/go/projects/actajus/internal/infrastructure/messaging/recover_password.go:50.35,87.2 1 1
