mode: set
/home/marcelo/Workspace/go/projects/actajus/internal/infrastructure/config/config.go:41.20,66.2 1 1
/home/marcelo/Workspace/go/projects/actajus/internal/infrastructure/config/config.go:68.46,69.42 1 1
/home/marcelo/Workspace/go/projects/actajus/internal/infrastructure/config/config.go:69.42,71.3 1 1
/home/marcelo/Workspace/go/projects/actajus/internal/infrastructure/config/config.go:75.2,75.21 1 1
/home/marcelo/Workspace/go/projects/actajus/internal/infrastructure/config/config.go:78.52,79.42 1 1
/home/marcelo/Workspace/go/projects/actajus/internal/infrastructure/config/config.go:79.42,80.55 1 1
/home/marcelo/Workspace/go/projects/actajus/internal/infrastructure/config/config.go:80.55,82.4 1 1
/home/marcelo/Workspace/go/projects/actajus/internal/infrastructure/config/config.go:84.2,84.21 1 1
