mode: set
/home/marcelo/Workspace/go/projects/actajus/cmd/http/server.go:23.13,28.16 5 0
/home/marcelo/Workspace/go/projects/actajus/cmd/http/server.go:28.16,30.3 1 0
/home/marcelo/Workspace/go/projects/actajus/cmd/http/server.go:31.2,52.12 10 0
/home/marcelo/Workspace/go/projects/actajus/cmd/http/server.go:52.12,54.77 2 0
/home/marcelo/Workspace/go/projects/actajus/cmd/http/server.go:54.77,56.4 1 0
/home/marcelo/Workspace/go/projects/actajus/cmd/http/server.go:58.2,64.42 7 0
/home/marcelo/Workspace/go/projects/actajus/cmd/http/server.go:64.42,66.3 1 0
/home/marcelo/Workspace/go/projects/actajus/cmd/http/server.go:67.2,67.56 1 0
