mode: set
/home/marcelo/Workspace/go/projects/actajus/internal/infrastructure/adapter/jwt.go:27.56,29.2 1 1
/home/marcelo/Workspace/go/projects/actajus/internal/infrastructure/adapter/jwt.go:31.77,33.16 2 1
/home/marcelo/Workspace/go/projects/actajus/internal/infrastructure/adapter/jwt.go:33.16,35.3 1 0
/home/marcelo/Workspace/go/projects/actajus/internal/infrastructure/adapter/jwt.go:36.2,37.16 2 1
/home/marcelo/Workspace/go/projects/actajus/internal/infrastructure/adapter/jwt.go:37.16,39.3 1 0
/home/marcelo/Workspace/go/projects/actajus/internal/infrastructure/adapter/jwt.go:40.2,43.8 1 1
/home/marcelo/Workspace/go/projects/actajus/internal/infrastructure/adapter/jwt.go:46.80,48.2 1 1
/home/marcelo/Workspace/go/projects/actajus/internal/infrastructure/adapter/jwt.go:50.81,52.2 1 1
/home/marcelo/Workspace/go/projects/actajus/internal/infrastructure/adapter/jwt.go:54.77,56.16 2 1
/home/marcelo/Workspace/go/projects/actajus/internal/infrastructure/adapter/jwt.go:56.16,58.3 1 1
/home/marcelo/Workspace/go/projects/actajus/internal/infrastructure/adapter/jwt.go:59.2,59.43 1 1
/home/marcelo/Workspace/go/projects/actajus/internal/infrastructure/adapter/jwt.go:62.103,72.16 3 1
/home/marcelo/Workspace/go/projects/actajus/internal/infrastructure/adapter/jwt.go:72.16,74.3 1 0
/home/marcelo/Workspace/go/projects/actajus/internal/infrastructure/adapter/jwt.go:75.2,75.66 1 1
/home/marcelo/Workspace/go/projects/actajus/internal/infrastructure/adapter/jwt.go:78.88,80.16 2 1
/home/marcelo/Workspace/go/projects/actajus/internal/infrastructure/adapter/jwt.go:80.16,81.46 1 1
/home/marcelo/Workspace/go/projects/actajus/internal/infrastructure/adapter/jwt.go:81.46,83.4 1 1
/home/marcelo/Workspace/go/projects/actajus/internal/infrastructure/adapter/jwt.go:84.3,85.44 2 1
/home/marcelo/Workspace/go/projects/actajus/internal/infrastructure/adapter/jwt.go:87.2,88.26 2 1
/home/marcelo/Workspace/go/projects/actajus/internal/infrastructure/adapter/jwt.go:88.26,90.3 1 1
/home/marcelo/Workspace/go/projects/actajus/internal/infrastructure/adapter/jwt.go:91.2,93.8 1 1
/home/marcelo/Workspace/go/projects/actajus/internal/infrastructure/adapter/jwt.go:96.27,100.2 3 1
