mode: set
/home/marcelo/Workspace/go/projects/actajus/internal/infrastructure/http/handler/errors.go:16.59,17.9 1 1
/home/marcelo/Workspace/go/projects/actajus/internal/infrastructure/http/handler/errors.go:18.49,22.4 1 1
/home/marcelo/Workspace/go/projects/actajus/internal/infrastructure/http/handler/errors.go:23.55,27.4 1 1
/home/marcelo/Workspace/go/projects/actajus/internal/infrastructure/http/handler/errors.go:28.54,32.4 1 1
/home/marcelo/Workspace/go/projects/actajus/internal/infrastructure/http/handler/errors.go:33.49,37.4 1 1
/home/marcelo/Workspace/go/projects/actajus/internal/infrastructure/http/handler/errors.go:38.47,42.4 1 1
/home/marcelo/Workspace/go/projects/actajus/internal/infrastructure/http/handler/errors.go:43.10,47.4 1 1
