mode: set
/home/marcelo/Workspace/go/projects/actajus/internal/infrastructure/adapter/jwt.go:35.59,37.2 1 1
/home/marcelo/Workspace/go/projects/actajus/internal/infrastructure/adapter/jwt.go:39.77,46.16 2 1
/home/marcelo/Workspace/go/projects/actajus/internal/infrastructure/adapter/jwt.go:46.16,48.3 1 0
/home/marcelo/Workspace/go/projects/actajus/internal/infrastructure/adapter/jwt.go:49.2,55.16 2 1
/home/marcelo/Workspace/go/projects/actajus/internal/infrastructure/adapter/jwt.go:55.16,57.3 1 0
/home/marcelo/Workspace/go/projects/actajus/internal/infrastructure/adapter/jwt.go:58.2,61.8 1 1
/home/marcelo/Workspace/go/projects/actajus/internal/infrastructure/adapter/jwt.go:64.110,67.16 3 1
/home/marcelo/Workspace/go/projects/actajus/internal/infrastructure/adapter/jwt.go:67.16,69.3 1 0
/home/marcelo/Workspace/go/projects/actajus/internal/infrastructure/adapter/jwt.go:70.2,81.43 3 1
/home/marcelo/Workspace/go/projects/actajus/internal/infrastructure/adapter/jwt.go:84.86,86.2 1 1
/home/marcelo/Workspace/go/projects/actajus/internal/infrastructure/adapter/jwt.go:88.87,90.2 1 1
/home/marcelo/Workspace/go/projects/actajus/internal/infrastructure/adapter/jwt.go:92.102,101.98 1 1
/home/marcelo/Workspace/go/projects/actajus/internal/infrastructure/adapter/jwt.go:101.98,102.54 1 1
/home/marcelo/Workspace/go/projects/actajus/internal/infrastructure/adapter/jwt.go:102.54,104.4 1 0
/home/marcelo/Workspace/go/projects/actajus/internal/infrastructure/adapter/jwt.go:105.3,105.29 1 1
/home/marcelo/Workspace/go/projects/actajus/internal/infrastructure/adapter/jwt.go:107.2,107.16 1 1
/home/marcelo/Workspace/go/projects/actajus/internal/infrastructure/adapter/jwt.go:107.16,108.42 1 0
/home/marcelo/Workspace/go/projects/actajus/internal/infrastructure/adapter/jwt.go:108.42,110.4 1 0
/home/marcelo/Workspace/go/projects/actajus/internal/infrastructure/adapter/jwt.go:111.3,111.44 1 0
/home/marcelo/Workspace/go/projects/actajus/internal/infrastructure/adapter/jwt.go:113.2,114.25 2 1
/home/marcelo/Workspace/go/projects/actajus/internal/infrastructure/adapter/jwt.go:114.25,116.3 1 0
/home/marcelo/Workspace/go/projects/actajus/internal/infrastructure/adapter/jwt.go:117.2,117.38 1 1
/home/marcelo/Workspace/go/projects/actajus/internal/infrastructure/adapter/jwt.go:117.38,119.3 1 0
/home/marcelo/Workspace/go/projects/actajus/internal/infrastructure/adapter/jwt.go:120.2,123.8 1 1
/home/marcelo/Workspace/go/projects/actajus/internal/infrastructure/adapter/jwt.go:126.84,128.16 2 0
/home/marcelo/Workspace/go/projects/actajus/internal/infrastructure/adapter/jwt.go:128.16,130.3 1 0
/home/marcelo/Workspace/go/projects/actajus/internal/infrastructure/adapter/jwt.go:131.2,131.43 1 0
/home/marcelo/Workspace/go/projects/actajus/internal/infrastructure/adapter/jwt.go:156.51,158.40 2 1
/home/marcelo/Workspace/go/projects/actajus/internal/infrastructure/adapter/jwt.go:158.40,160.3 1 0
/home/marcelo/Workspace/go/projects/actajus/internal/infrastructure/adapter/jwt.go:161.2,161.50 1 1
